#
# There is insufficient memory for the Java Runtime Environment to continue.
# Native memory allocation (malloc) failed to allocate 5234960 bytes. Error detail: Chunk::new
# Possible reasons:
#   The system is out of physical RAM or swap space
#   This process is running with CompressedOops enabled, and the Java Heap may be blocking the growth of the native heap
# Possible solutions:
#   Reduce memory load on the system
#   Increase physical memory or swap space
#   Check if swap backing store is full
#   Decrease Java heap size (-Xmx/-Xms)
#   Decrease number of Java threads
#   Decrease Java thread stack sizes (-Xss)
#   Set larger code cache with -XX:ReservedCodeCacheSize=
#   JVM is running with Zero Based Compressed Oops mode in which the Java heap is
#     placed in the first 32GB address space. The Java Heap base address is the
#     maximum limit for the native heap growth. Please use -XX:HeapBaseMinAddress
#     to set the Java Heap base and to place the Java Heap above 32GB virtual address.
# This output file may be truncated or incomplete.
#
#  Out of Memory Error (arena.cpp:162), pid=15128, tid=14728
#
# JRE version: OpenJDK Runtime Environment (24.0.1+9) (build 24.0.1+9-30)
# Java VM: OpenJDK 64-Bit Server VM (24.0.1+9-30, mixed mode, sharing, tiered, compressed oops, compressed class ptrs, g1 gc, windows-amd64)
# No core dump will be written. Minidumps are not enabled by default on client versions of Windows
#

---------------  S U M M A R Y ------------

Command Line: -javaagent:C:\Program Files\JetBrains\IntelliJ IDEA 2025.1.1.1\lib\idea_rt.jar=61462 -Dfile.encoding=UTF-8 -Dsun.stdout.encoding=UTF-8 -Dsun.stderr.encoding=UTF-8 Main

Host: 11th Gen Intel(R) Core(TM) i7-11800H @ 2.30GHz, 16 cores, 15G,  Windows 11 , 64 bit Build 26100 (10.0.26100.3775)
Time: Mon May 19 17:25:13 2025 SE Asia Standard Time elapsed time: 60.343059 seconds (0d 0h 1m 0s)

---------------  T H R E A D  ---------------

Current thread (0x0000017627876b70):  JavaThread "C2 CompilerThread0" daemon [_thread_in_native, id=14728, stack(0x0000003532b00000,0x0000003532c00000) (1024K)]


Current CompileTask:
C2:60343 2962   !   4       java.io.ObjectOutputStream::writeObject0 (620 bytes)

Stack: [0x0000003532b00000,0x0000003532c00000]
Native frames: (J=compiled Java code, j=interpreted, Vv=VM code, C=native code)
V  [jvm.dll+0x730739]  (no source info available)
V  [jvm.dll+0x8d9b23]  (no source info available)
V  [jvm.dll+0x8dc00d]  (no source info available)
V  [jvm.dll+0x8dc683]  (no source info available)
V  [jvm.dll+0x2aa086]  (no source info available)
V  [jvm.dll+0xcedef]  (no source info available)
V  [jvm.dll+0xcf04f]  (no source info available)
V  [jvm.dll+0x154d83]  (no source info available)
V  [jvm.dll+0x735f5f]  (no source info available)
V  [jvm.dll+0x26fa1c]  (no source info available)
V  [jvm.dll+0x26ea3f]  (no source info available)
V  [jvm.dll+0x1e9d60]  (no source info available)
V  [jvm.dll+0x27e1fb]  (no source info available)
V  [jvm.dll+0x27c49a]  (no source info available)
V  [jvm.dll+0x42f456]  (no source info available)
V  [jvm.dll+0x87d76b]  (no source info available)
V  [jvm.dll+0x72ee55]  (no source info available)
C  [ucrtbase.dll+0x37b0]  (no source info available)
C  [KERNEL32.DLL+0x2e8d7]  (no source info available)
C  [ntdll.dll+0xb14fc]  (no source info available)

Lock stack of current Java thread (top to bottom):


---------------  P R O C E S S  ---------------

Threads class SMR info:
_java_thread_list=0x000001766eace8a0, length=22, elements={
0x000001762785e010, 0x000001762785e950, 0x0000017627866a00, 0x0000017627869ee0,
0x000001762786b670, 0x0000017627874540, 0x0000017627876b70, 0x00000176278844c0,
0x0000017627b0c8f0, 0x0000017627b1e720, 0x0000017627b26e80, 0x000001766d416370,
0x000001766d416ab0, 0x000001766d019a80, 0x000001766d4d8030, 0x00000176076d9fd0,
0x000001766e4cfe90, 0x000001766e4a1450, 0x000001766e750ac0, 0x000001766e4e4400,
0x000001766e4e59f0, 0x000001766e4e8d20
}

Java Threads: ( => current thread )
  0x000001762785e010 JavaThread "Reference Handler"          daemon [_thread_blocked, id=6976, stack(0x0000003532500000,0x0000003532600000) (1024K)]
  0x000001762785e950 JavaThread "Finalizer"                  daemon [_thread_blocked, id=11408, stack(0x0000003532600000,0x0000003532700000) (1024K)]
  0x0000017627866a00 JavaThread "Signal Dispatcher"          daemon [_thread_blocked, id=20908, stack(0x0000003532700000,0x0000003532800000) (1024K)]
  0x0000017627869ee0 JavaThread "Attach Listener"            daemon [_thread_blocked, id=18164, stack(0x0000003532800000,0x0000003532900000) (1024K)]
  0x000001762786b670 JavaThread "Service Thread"             daemon [_thread_blocked, id=11164, stack(0x0000003532900000,0x0000003532a00000) (1024K)]
  0x0000017627874540 JavaThread "Monitor Deflation Thread"   daemon [_thread_blocked, id=7740, stack(0x0000003532a00000,0x0000003532b00000) (1024K)]
=>0x0000017627876b70 JavaThread "C2 CompilerThread0"         daemon [_thread_in_native, id=14728, stack(0x0000003532b00000,0x0000003532c00000) (1024K)]
  0x00000176278844c0 JavaThread "C1 CompilerThread0"         daemon [_thread_blocked, id=3116, stack(0x0000003532c00000,0x0000003532d00000) (1024K)]
  0x0000017627b0c8f0 JavaThread "Common-Cleaner"             daemon [_thread_blocked, id=6676, stack(0x0000003533100000,0x0000003533200000) (1024K)]
  0x0000017627b1e720 JavaThread "Monitor Ctrl-Break"         daemon [_thread_in_native, id=13556, stack(0x0000003533200000,0x0000003533300000) (1024K)]
  0x0000017627b26e80 JavaThread "Notification Thread"        daemon [_thread_blocked, id=17956, stack(0x0000003533300000,0x0000003533400000) (1024K)]
  0x000001766d416370 JavaThread "Java2D Disposer"            daemon [_thread_blocked, id=5780, stack(0x0000003533500000,0x0000003533600000) (1024K)]
  0x000001766d416ab0 JavaThread "AWT-Shutdown"                      [_thread_blocked, id=1712, stack(0x0000003533600000,0x0000003533700000) (1024K)]
  0x000001766d019a80 JavaThread "AWT-Windows"                daemon [_thread_in_native, id=13336, stack(0x0000003533700000,0x0000003533800000) (1024K)]
  0x000001766d4d8030 JavaThread "AWT-EventQueue-0"                  [_thread_blocked, id=16684, stack(0x0000003533800000,0x0000003533900000) (1024K)]
  0x00000176076d9fd0 JavaThread "DestroyJavaVM"                     [_thread_blocked, id=11048, stack(0x0000003531d00000,0x0000003531e00000) (1024K)]
  0x000001766e4cfe90 JavaThread "RMI TCP Accept-0"           daemon [_thread_in_native, id=320, stack(0x0000003533d00000,0x0000003533e00000) (1024K)]
  0x000001766e4a1450 JavaThread "RMI TCP Connection(1)-192.168.1.203" daemon [_thread_in_native, id=6412, stack(0x0000003533e00000,0x0000003533f00000) (1024K)]
  0x000001766e750ac0 JavaThread "RMI Scheduler(0)"           daemon [_thread_blocked, id=4052, stack(0x0000003533f00000,0x0000003534000000) (1024K)]
  0x000001766e4e4400 JavaThread "JMX server connection timeout 47" daemon [_thread_blocked, id=18204, stack(0x0000003534000000,0x0000003534100000) (1024K)]
  0x000001766e4e59f0 JavaThread "D3D Screen Updater"         daemon [_thread_blocked, id=3844, stack(0x0000003534100000,0x0000003534200000) (1024K)]
  0x000001766e4e8d20 JavaThread "TimerQueue"                 daemon [_thread_blocked, id=20448, stack(0x0000003534200000,0x0000003534300000) (1024K)]
Total: 22

Other Threads:
  0x0000017627850110 VMThread "VM Thread"                           [id=3228, stack(0x0000003532400000,0x0000003532500000) (1024K)]
  0x0000017627840ed0 WatcherThread "VM Periodic Task Thread"        [id=17816, stack(0x0000003532300000,0x0000003532400000) (1024K)]
  0x0000017607742020 WorkerThread "GC Thread#0"                     [id=13216, stack(0x0000003531e00000,0x0000003531f00000) (1024K)]
  0x0000017607757a10 ConcurrentGCThread "G1 Main Marker"            [id=11060, stack(0x0000003531f00000,0x0000003532000000) (1024K)]
  0x000001760775a0d0 WorkerThread "G1 Conc#0"                       [id=17528, stack(0x0000003532000000,0x0000003532100000) (1024K)]
  0x00000176277008f0 ConcurrentGCThread "G1 Refine#0"               [id=14044, stack(0x0000003532100000,0x0000003532200000) (1024K)]
  0x0000017627702320 ConcurrentGCThread "G1 Service"                [id=21364, stack(0x0000003532200000,0x0000003532300000) (1024K)]
Total: 7

Threads with active compile tasks:
C2 CompilerThread0  60411 2962   !   4       java.io.ObjectOutputStream::writeObject0 (620 bytes)
Total: 1

VM state: not at safepoint (normal execution)

VM Mutex/Monitor currently owned by a thread: None

Heap address: 0x0000000704400000, size: 4028 MB, Compressed Oops mode: Zero based, Oop shift amount: 3

CDS archive(s) mapped at: [0x0000017628000000-0x0000017628d40000-0x0000017628d40000), size 13893632, SharedBaseAddress: 0x0000017628000000, ArchiveRelocationMode: 1.
Compressed class space mapped at: 0x0000017629000000-0x0000017669000000, reserved size: 1073741824
UseCompressedClassPointers 1, UseCompactObjectHeaders 0
Narrow klass pointer bits 32, Max shift 3
Narrow klass base: 0x0000017628000000, Narrow klass shift: 0
Encoding Range: [0x0000017628000000 - 0x0000017728000000), (4294967296 bytes)
Klass Range:    [0x0000017628000000 - 0x0000017669000000), (1090519040 bytes)
Klass ID Range:  [8 - 1090519033) (1090519025)

GC Precious Log:
 CardTable entry size: 512
 Card Set container configuration: InlinePtr #cards 4 size 8 Array Of Cards #cards 16 size 48 Howl #buckets 8 coarsen threshold 3686 Howl Bitmap #cards 512 size 80 coarsen threshold 460 Card regions per heap region 1 cards per card region 4096
 CPUs: 16 total, 16 available
 Memory: 16110M
 Large Page Support: Disabled
 NUMA Support: Disabled
 Compressed Oops: Enabled (Zero based)
 Heap Region Size: 2M
 Heap Min Capacity: 8M
 Heap Initial Capacity: 252M
 Heap Max Capacity: 4028M
 Pre-touch: Disabled
 Parallel Workers: 13
 Concurrent Workers: 3
 Concurrent Refinement Workers: 13
 Periodic GC: Disabled

Heap:
 garbage-first heap   total reserved 4124672K, committed 260096K, used 35952K [0x0000000704400000, 0x0000000800000000)
  region size 2048K, 18 young (36864K), 0 survivors (0K)
 Metaspace       used 15484K, committed 15808K, reserved 1114112K
  class space    used 1398K, committed 1536K, reserved 1048576K

Heap Regions: E=young(eden), S=young(survivor), O=old, HS=humongous(starts), HC=humongous(continues), CS=collection set, F=free, TAMS=top-at-mark-start, PB=parsable bottom
|   0|0x0000000704400000, 0x0000000704400000, 0x0000000704600000|  0%| F|  |TAMS 0x0000000704400000| PB 0x0000000704400000| Untracked |  0
|   1|0x0000000704600000, 0x0000000704600000, 0x0000000704800000|  0%| F|  |TAMS 0x0000000704600000| PB 0x0000000704600000| Untracked |  0
|   2|0x0000000704800000, 0x0000000704800000, 0x0000000704a00000|  0%| F|  |TAMS 0x0000000704800000| PB 0x0000000704800000| Untracked |  0
|   3|0x0000000704a00000, 0x0000000704a00000, 0x0000000704c00000|  0%| F|  |TAMS 0x0000000704a00000| PB 0x0000000704a00000| Untracked |  0
|   4|0x0000000704c00000, 0x0000000704c00000, 0x0000000704e00000|  0%| F|  |TAMS 0x0000000704c00000| PB 0x0000000704c00000| Untracked |  0
|   5|0x0000000704e00000, 0x0000000704e00000, 0x0000000705000000|  0%| F|  |TAMS 0x0000000704e00000| PB 0x0000000704e00000| Untracked |  0
|   6|0x0000000705000000, 0x0000000705000000, 0x0000000705200000|  0%| F|  |TAMS 0x0000000705000000| PB 0x0000000705000000| Untracked |  0
|   7|0x0000000705200000, 0x0000000705200000, 0x0000000705400000|  0%| F|  |TAMS 0x0000000705200000| PB 0x0000000705200000| Untracked |  0
|   8|0x0000000705400000, 0x0000000705400000, 0x0000000705600000|  0%| F|  |TAMS 0x0000000705400000| PB 0x0000000705400000| Untracked |  0
|   9|0x0000000705600000, 0x0000000705600000, 0x0000000705800000|  0%| F|  |TAMS 0x0000000705600000| PB 0x0000000705600000| Untracked |  0
|  10|0x0000000705800000, 0x0000000705800000, 0x0000000705a00000|  0%| F|  |TAMS 0x0000000705800000| PB 0x0000000705800000| Untracked |  0
|  11|0x0000000705a00000, 0x0000000705a00000, 0x0000000705c00000|  0%| F|  |TAMS 0x0000000705a00000| PB 0x0000000705a00000| Untracked |  0
|  12|0x0000000705c00000, 0x0000000705c00000, 0x0000000705e00000|  0%| F|  |TAMS 0x0000000705c00000| PB 0x0000000705c00000| Untracked |  0
|  13|0x0000000705e00000, 0x0000000705e00000, 0x0000000706000000|  0%| F|  |TAMS 0x0000000705e00000| PB 0x0000000705e00000| Untracked |  0
|  14|0x0000000706000000, 0x0000000706000000, 0x0000000706200000|  0%| F|  |TAMS 0x0000000706000000| PB 0x0000000706000000| Untracked |  0
|  15|0x0000000706200000, 0x0000000706200000, 0x0000000706400000|  0%| F|  |TAMS 0x0000000706200000| PB 0x0000000706200000| Untracked |  0
|  16|0x0000000706400000, 0x0000000706400000, 0x0000000706600000|  0%| F|  |TAMS 0x0000000706400000| PB 0x0000000706400000| Untracked |  0
|  17|0x0000000706600000, 0x0000000706600000, 0x0000000706800000|  0%| F|  |TAMS 0x0000000706600000| PB 0x0000000706600000| Untracked |  0
|  18|0x0000000706800000, 0x0000000706800000, 0x0000000706a00000|  0%| F|  |TAMS 0x0000000706800000| PB 0x0000000706800000| Untracked |  0
|  19|0x0000000706a00000, 0x0000000706a00000, 0x0000000706c00000|  0%| F|  |TAMS 0x0000000706a00000| PB 0x0000000706a00000| Untracked |  0
|  20|0x0000000706c00000, 0x0000000706c00000, 0x0000000706e00000|  0%| F|  |TAMS 0x0000000706c00000| PB 0x0000000706c00000| Untracked |  0
|  21|0x0000000706e00000, 0x0000000706e00000, 0x0000000707000000|  0%| F|  |TAMS 0x0000000706e00000| PB 0x0000000706e00000| Untracked |  0
|  22|0x0000000707000000, 0x0000000707000000, 0x0000000707200000|  0%| F|  |TAMS 0x0000000707000000| PB 0x0000000707000000| Untracked |  0
|  23|0x0000000707200000, 0x0000000707200000, 0x0000000707400000|  0%| F|  |TAMS 0x0000000707200000| PB 0x0000000707200000| Untracked |  0
|  24|0x0000000707400000, 0x0000000707400000, 0x0000000707600000|  0%| F|  |TAMS 0x0000000707400000| PB 0x0000000707400000| Untracked |  0
|  25|0x0000000707600000, 0x0000000707600000, 0x0000000707800000|  0%| F|  |TAMS 0x0000000707600000| PB 0x0000000707600000| Untracked |  0
|  26|0x0000000707800000, 0x0000000707800000, 0x0000000707a00000|  0%| F|  |TAMS 0x0000000707800000| PB 0x0000000707800000| Untracked |  0
|  27|0x0000000707a00000, 0x0000000707a00000, 0x0000000707c00000|  0%| F|  |TAMS 0x0000000707a00000| PB 0x0000000707a00000| Untracked |  0
|  28|0x0000000707c00000, 0x0000000707c00000, 0x0000000707e00000|  0%| F|  |TAMS 0x0000000707c00000| PB 0x0000000707c00000| Untracked |  0
|  29|0x0000000707e00000, 0x0000000707e00000, 0x0000000708000000|  0%| F|  |TAMS 0x0000000707e00000| PB 0x0000000707e00000| Untracked |  0
|  30|0x0000000708000000, 0x0000000708000000, 0x0000000708200000|  0%| F|  |TAMS 0x0000000708000000| PB 0x0000000708000000| Untracked |  0
|  31|0x0000000708200000, 0x0000000708200000, 0x0000000708400000|  0%| F|  |TAMS 0x0000000708200000| PB 0x0000000708200000| Untracked |  0
|  32|0x0000000708400000, 0x0000000708400000, 0x0000000708600000|  0%| F|  |TAMS 0x0000000708400000| PB 0x0000000708400000| Untracked |  0
|  33|0x0000000708600000, 0x0000000708600000, 0x0000000708800000|  0%| F|  |TAMS 0x0000000708600000| PB 0x0000000708600000| Untracked |  0
|  34|0x0000000708800000, 0x0000000708800000, 0x0000000708a00000|  0%| F|  |TAMS 0x0000000708800000| PB 0x0000000708800000| Untracked |  0
|  35|0x0000000708a00000, 0x0000000708a00000, 0x0000000708c00000|  0%| F|  |TAMS 0x0000000708a00000| PB 0x0000000708a00000| Untracked |  0
|  36|0x0000000708c00000, 0x0000000708c00000, 0x0000000708e00000|  0%| F|  |TAMS 0x0000000708c00000| PB 0x0000000708c00000| Untracked |  0
|  37|0x0000000708e00000, 0x0000000708e00000, 0x0000000709000000|  0%| F|  |TAMS 0x0000000708e00000| PB 0x0000000708e00000| Untracked |  0
|  38|0x0000000709000000, 0x0000000709000000, 0x0000000709200000|  0%| F|  |TAMS 0x0000000709000000| PB 0x0000000709000000| Untracked |  0
|  39|0x0000000709200000, 0x0000000709200000, 0x0000000709400000|  0%| F|  |TAMS 0x0000000709200000| PB 0x0000000709200000| Untracked |  0
|  40|0x0000000709400000, 0x0000000709400000, 0x0000000709600000|  0%| F|  |TAMS 0x0000000709400000| PB 0x0000000709400000| Untracked |  0
|  41|0x0000000709600000, 0x0000000709600000, 0x0000000709800000|  0%| F|  |TAMS 0x0000000709600000| PB 0x0000000709600000| Untracked |  0
|  42|0x0000000709800000, 0x0000000709800000, 0x0000000709a00000|  0%| F|  |TAMS 0x0000000709800000| PB 0x0000000709800000| Untracked |  0
|  43|0x0000000709a00000, 0x0000000709a00000, 0x0000000709c00000|  0%| F|  |TAMS 0x0000000709a00000| PB 0x0000000709a00000| Untracked |  0
|  44|0x0000000709c00000, 0x0000000709c00000, 0x0000000709e00000|  0%| F|  |TAMS 0x0000000709c00000| PB 0x0000000709c00000| Untracked |  0
|  45|0x0000000709e00000, 0x0000000709e00000, 0x000000070a000000|  0%| F|  |TAMS 0x0000000709e00000| PB 0x0000000709e00000| Untracked |  0
|  46|0x000000070a000000, 0x000000070a000000, 0x000000070a200000|  0%| F|  |TAMS 0x000000070a000000| PB 0x000000070a000000| Untracked |  0
|  47|0x000000070a200000, 0x000000070a200000, 0x000000070a400000|  0%| F|  |TAMS 0x000000070a200000| PB 0x000000070a200000| Untracked |  0
|  48|0x000000070a400000, 0x000000070a400000, 0x000000070a600000|  0%| F|  |TAMS 0x000000070a400000| PB 0x000000070a400000| Untracked |  0
|  49|0x000000070a600000, 0x000000070a600000, 0x000000070a800000|  0%| F|  |TAMS 0x000000070a600000| PB 0x000000070a600000| Untracked |  0
|  50|0x000000070a800000, 0x000000070a800000, 0x000000070aa00000|  0%| F|  |TAMS 0x000000070a800000| PB 0x000000070a800000| Untracked |  0
|  51|0x000000070aa00000, 0x000000070aa00000, 0x000000070ac00000|  0%| F|  |TAMS 0x000000070aa00000| PB 0x000000070aa00000| Untracked |  0
|  52|0x000000070ac00000, 0x000000070ac00000, 0x000000070ae00000|  0%| F|  |TAMS 0x000000070ac00000| PB 0x000000070ac00000| Untracked |  0
|  53|0x000000070ae00000, 0x000000070ae00000, 0x000000070b000000|  0%| F|  |TAMS 0x000000070ae00000| PB 0x000000070ae00000| Untracked |  0
|  54|0x000000070b000000, 0x000000070b000000, 0x000000070b200000|  0%| F|  |TAMS 0x000000070b000000| PB 0x000000070b000000| Untracked |  0
|  55|0x000000070b200000, 0x000000070b200000, 0x000000070b400000|  0%| F|  |TAMS 0x000000070b200000| PB 0x000000070b200000| Untracked |  0
|  56|0x000000070b400000, 0x000000070b400000, 0x000000070b600000|  0%| F|  |TAMS 0x000000070b400000| PB 0x000000070b400000| Untracked |  0
|  57|0x000000070b600000, 0x000000070b600000, 0x000000070b800000|  0%| F|  |TAMS 0x000000070b600000| PB 0x000000070b600000| Untracked |  0
|  58|0x000000070b800000, 0x000000070b800000, 0x000000070ba00000|  0%| F|  |TAMS 0x000000070b800000| PB 0x000000070b800000| Untracked |  0
|  59|0x000000070ba00000, 0x000000070ba00000, 0x000000070bc00000|  0%| F|  |TAMS 0x000000070ba00000| PB 0x000000070ba00000| Untracked |  0
|  60|0x000000070bc00000, 0x000000070bc00000, 0x000000070be00000|  0%| F|  |TAMS 0x000000070bc00000| PB 0x000000070bc00000| Untracked |  0
|  61|0x000000070be00000, 0x000000070be00000, 0x000000070c000000|  0%| F|  |TAMS 0x000000070be00000| PB 0x000000070be00000| Untracked |  0
|  62|0x000000070c000000, 0x000000070c000000, 0x000000070c200000|  0%| F|  |TAMS 0x000000070c000000| PB 0x000000070c000000| Untracked |  0
|  63|0x000000070c200000, 0x000000070c200000, 0x000000070c400000|  0%| F|  |TAMS 0x000000070c200000| PB 0x000000070c200000| Untracked |  0
|  64|0x000000070c400000, 0x000000070c400000, 0x000000070c600000|  0%| F|  |TAMS 0x000000070c400000| PB 0x000000070c400000| Untracked |  0
|  65|0x000000070c600000, 0x000000070c600000, 0x000000070c800000|  0%| F|  |TAMS 0x000000070c600000| PB 0x000000070c600000| Untracked |  0
|  66|0x000000070c800000, 0x000000070c800000, 0x000000070ca00000|  0%| F|  |TAMS 0x000000070c800000| PB 0x000000070c800000| Untracked |  0
|  67|0x000000070ca00000, 0x000000070ca00000, 0x000000070cc00000|  0%| F|  |TAMS 0x000000070ca00000| PB 0x000000070ca00000| Untracked |  0
|  68|0x000000070cc00000, 0x000000070cc00000, 0x000000070ce00000|  0%| F|  |TAMS 0x000000070cc00000| PB 0x000000070cc00000| Untracked |  0
|  69|0x000000070ce00000, 0x000000070ce00000, 0x000000070d000000|  0%| F|  |TAMS 0x000000070ce00000| PB 0x000000070ce00000| Untracked |  0
|  70|0x000000070d000000, 0x000000070d000000, 0x000000070d200000|  0%| F|  |TAMS 0x000000070d000000| PB 0x000000070d000000| Untracked |  0
|  71|0x000000070d200000, 0x000000070d200000, 0x000000070d400000|  0%| F|  |TAMS 0x000000070d200000| PB 0x000000070d200000| Untracked |  0
|  72|0x000000070d400000, 0x000000070d400000, 0x000000070d600000|  0%| F|  |TAMS 0x000000070d400000| PB 0x000000070d400000| Untracked |  0
|  73|0x000000070d600000, 0x000000070d600000, 0x000000070d800000|  0%| F|  |TAMS 0x000000070d600000| PB 0x000000070d600000| Untracked |  0
|  74|0x000000070d800000, 0x000000070d800000, 0x000000070da00000|  0%| F|  |TAMS 0x000000070d800000| PB 0x000000070d800000| Untracked |  0
|  75|0x000000070da00000, 0x000000070da00000, 0x000000070dc00000|  0%| F|  |TAMS 0x000000070da00000| PB 0x000000070da00000| Untracked |  0
|  76|0x000000070dc00000, 0x000000070dc00000, 0x000000070de00000|  0%| F|  |TAMS 0x000000070dc00000| PB 0x000000070dc00000| Untracked |  0
|  77|0x000000070de00000, 0x000000070de00000, 0x000000070e000000|  0%| F|  |TAMS 0x000000070de00000| PB 0x000000070de00000| Untracked |  0
|  78|0x000000070e000000, 0x000000070e000000, 0x000000070e200000|  0%| F|  |TAMS 0x000000070e000000| PB 0x000000070e000000| Untracked |  0
|  79|0x000000070e200000, 0x000000070e200000, 0x000000070e400000|  0%| F|  |TAMS 0x000000070e200000| PB 0x000000070e200000| Untracked |  0
|  80|0x000000070e400000, 0x000000070e400000, 0x000000070e600000|  0%| F|  |TAMS 0x000000070e400000| PB 0x000000070e400000| Untracked |  0
|  81|0x000000070e600000, 0x000000070e600000, 0x000000070e800000|  0%| F|  |TAMS 0x000000070e600000| PB 0x000000070e600000| Untracked |  0
|  82|0x000000070e800000, 0x000000070e800000, 0x000000070ea00000|  0%| F|  |TAMS 0x000000070e800000| PB 0x000000070e800000| Untracked |  0
|  83|0x000000070ea00000, 0x000000070ea00000, 0x000000070ec00000|  0%| F|  |TAMS 0x000000070ea00000| PB 0x000000070ea00000| Untracked |  0
|  84|0x000000070ec00000, 0x000000070ec00000, 0x000000070ee00000|  0%| F|  |TAMS 0x000000070ec00000| PB 0x000000070ec00000| Untracked |  0
|  85|0x000000070ee00000, 0x000000070ee00000, 0x000000070f000000|  0%| F|  |TAMS 0x000000070ee00000| PB 0x000000070ee00000| Untracked |  0
|  86|0x000000070f000000, 0x000000070f000000, 0x000000070f200000|  0%| F|  |TAMS 0x000000070f000000| PB 0x000000070f000000| Untracked |  0
|  87|0x000000070f200000, 0x000000070f200000, 0x000000070f400000|  0%| F|  |TAMS 0x000000070f200000| PB 0x000000070f200000| Untracked |  0
|  88|0x000000070f400000, 0x000000070f400000, 0x000000070f600000|  0%| F|  |TAMS 0x000000070f400000| PB 0x000000070f400000| Untracked |  0
|  89|0x000000070f600000, 0x000000070f600000, 0x000000070f800000|  0%| F|  |TAMS 0x000000070f600000| PB 0x000000070f600000| Untracked |  0
|  90|0x000000070f800000, 0x000000070f800000, 0x000000070fa00000|  0%| F|  |TAMS 0x000000070f800000| PB 0x000000070f800000| Untracked |  0
|  91|0x000000070fa00000, 0x000000070fa00000, 0x000000070fc00000|  0%| F|  |TAMS 0x000000070fa00000| PB 0x000000070fa00000| Untracked |  0
|  92|0x000000070fc00000, 0x000000070fc00000, 0x000000070fe00000|  0%| F|  |TAMS 0x000000070fc00000| PB 0x000000070fc00000| Untracked |  0
|  93|0x000000070fe00000, 0x000000070fe00000, 0x0000000710000000|  0%| F|  |TAMS 0x000000070fe00000| PB 0x000000070fe00000| Untracked |  0
|  94|0x0000000710000000, 0x0000000710000000, 0x0000000710200000|  0%| F|  |TAMS 0x0000000710000000| PB 0x0000000710000000| Untracked |  0
|  95|0x0000000710200000, 0x0000000710200000, 0x0000000710400000|  0%| F|  |TAMS 0x0000000710200000| PB 0x0000000710200000| Untracked |  0
|  96|0x0000000710400000, 0x0000000710400000, 0x0000000710600000|  0%| F|  |TAMS 0x0000000710400000| PB 0x0000000710400000| Untracked |  0
|  97|0x0000000710600000, 0x0000000710600000, 0x0000000710800000|  0%| F|  |TAMS 0x0000000710600000| PB 0x0000000710600000| Untracked |  0
|  98|0x0000000710800000, 0x0000000710800000, 0x0000000710a00000|  0%| F|  |TAMS 0x0000000710800000| PB 0x0000000710800000| Untracked |  0
|  99|0x0000000710a00000, 0x0000000710a00000, 0x0000000710c00000|  0%| F|  |TAMS 0x0000000710a00000| PB 0x0000000710a00000| Untracked |  0
| 100|0x0000000710c00000, 0x0000000710c00000, 0x0000000710e00000|  0%| F|  |TAMS 0x0000000710c00000| PB 0x0000000710c00000| Untracked |  0
| 101|0x0000000710e00000, 0x0000000710e00000, 0x0000000711000000|  0%| F|  |TAMS 0x0000000710e00000| PB 0x0000000710e00000| Untracked |  0
| 102|0x0000000711000000, 0x0000000711000000, 0x0000000711200000|  0%| F|  |TAMS 0x0000000711000000| PB 0x0000000711000000| Untracked |  0
| 103|0x0000000711200000, 0x0000000711200000, 0x0000000711400000|  0%| F|  |TAMS 0x0000000711200000| PB 0x0000000711200000| Untracked |  0
| 104|0x0000000711400000, 0x0000000711400000, 0x0000000711600000|  0%| F|  |TAMS 0x0000000711400000| PB 0x0000000711400000| Untracked |  0
| 105|0x0000000711600000, 0x0000000711600000, 0x0000000711800000|  0%| F|  |TAMS 0x0000000711600000| PB 0x0000000711600000| Untracked |  0
| 106|0x0000000711800000, 0x0000000711800000, 0x0000000711a00000|  0%| F|  |TAMS 0x0000000711800000| PB 0x0000000711800000| Untracked |  0
| 107|0x0000000711a00000, 0x0000000711a00000, 0x0000000711c00000|  0%| F|  |TAMS 0x0000000711a00000| PB 0x0000000711a00000| Untracked |  0
| 108|0x0000000711c00000, 0x0000000711debd30, 0x0000000711e00000| 96%| E|  |TAMS 0x0000000711c00000| PB 0x0000000711c00000| Complete |  0
| 109|0x0000000711e00000, 0x0000000712000000, 0x0000000712000000|100%| E|CS|TAMS 0x0000000711e00000| PB 0x0000000711e00000| Complete |  0
| 110|0x0000000712000000, 0x0000000712200000, 0x0000000712200000|100%| E|CS|TAMS 0x0000000712000000| PB 0x0000000712000000| Complete |  0
| 111|0x0000000712200000, 0x0000000712400000, 0x0000000712400000|100%| E|CS|TAMS 0x0000000712200000| PB 0x0000000712200000| Complete |  0
| 112|0x0000000712400000, 0x0000000712600000, 0x0000000712600000|100%| E|CS|TAMS 0x0000000712400000| PB 0x0000000712400000| Complete |  0
| 113|0x0000000712600000, 0x0000000712800000, 0x0000000712800000|100%| E|CS|TAMS 0x0000000712600000| PB 0x0000000712600000| Complete |  0
| 114|0x0000000712800000, 0x0000000712a00000, 0x0000000712a00000|100%| E|CS|TAMS 0x0000000712800000| PB 0x0000000712800000| Complete |  0
| 115|0x0000000712a00000, 0x0000000712c00000, 0x0000000712c00000|100%| E|CS|TAMS 0x0000000712a00000| PB 0x0000000712a00000| Complete |  0
| 116|0x0000000712c00000, 0x0000000712e00000, 0x0000000712e00000|100%| E|CS|TAMS 0x0000000712c00000| PB 0x0000000712c00000| Complete |  0
| 117|0x0000000712e00000, 0x0000000713000000, 0x0000000713000000|100%| E|CS|TAMS 0x0000000712e00000| PB 0x0000000712e00000| Complete |  0
| 118|0x0000000713000000, 0x0000000713200000, 0x0000000713200000|100%| E|CS|TAMS 0x0000000713000000| PB 0x0000000713000000| Complete |  0
| 119|0x0000000713200000, 0x0000000713400000, 0x0000000713400000|100%| E|CS|TAMS 0x0000000713200000| PB 0x0000000713200000| Complete |  0
| 120|0x0000000713400000, 0x0000000713600000, 0x0000000713600000|100%| E|CS|TAMS 0x0000000713400000| PB 0x0000000713400000| Complete |  0
| 121|0x0000000713600000, 0x0000000713800000, 0x0000000713800000|100%| E|CS|TAMS 0x0000000713600000| PB 0x0000000713600000| Complete |  0
| 122|0x0000000713800000, 0x0000000713a00000, 0x0000000713a00000|100%| E|CS|TAMS 0x0000000713800000| PB 0x0000000713800000| Complete |  0
| 123|0x0000000713a00000, 0x0000000713c00000, 0x0000000713c00000|100%| E|CS|TAMS 0x0000000713a00000| PB 0x0000000713a00000| Complete |  0
| 124|0x0000000713c00000, 0x0000000713e00000, 0x0000000713e00000|100%| E|CS|TAMS 0x0000000713c00000| PB 0x0000000713c00000| Complete |  0
| 125|0x0000000713e00000, 0x0000000714000000, 0x0000000714000000|100%| E|CS|TAMS 0x0000000713e00000| PB 0x0000000713e00000| Complete |  0
|2013|0x00000007ffe00000, 0x00000007fff1c288, 0x0000000800000000| 55%| O|  |TAMS 0x00000007ffe00000| PB 0x00000007ffe00000| Untracked |  0

Card table byte_map: [0x0000017620110000,0x00000176208f0000] _byte_map_base: 0x000001761c8ee000

Marking Bits: (CMBitMap*) 0x0000017607742730
 Bits: [0x00000176208f0000, 0x00000176247e0000)

Polling page: 0x0000017605470000

Metaspace:

Usage:
  Non-class:     13.76 MB used.
      Class:      1.37 MB used.
       Both:     15.12 MB used.

Virtual space:
  Non-class space:       64.00 MB reserved,      13.94 MB ( 22%) committed,  1 nodes.
      Class space:        1.00 GB reserved,       1.50 MB ( <1%) committed,  1 nodes.
             Both:        1.06 GB reserved,      15.44 MB (  1%) committed. 

Chunk freelists:
   Non-Class:  2.08 MB
       Class:  14.54 MB
        Both:  16.62 MB

MaxMetaspaceSize: unlimited
CompressedClassSpaceSize: 1.00 GB
Initial GC threshold: 21.00 MB
Current GC threshold: 21.00 MB
CDS: on
 - commit_granule_bytes: 65536.
 - commit_granule_words: 8192.
 - virtual_space_node_default_size: 8388608.
 - enlarge_chunks_in_place: 1.
UseCompressedClassPointers 1, UseCompactObjectHeaders 0
Narrow klass pointer bits 32, Max shift 3
Narrow klass base: 0x0000017628000000, Narrow klass shift: 0
Encoding Range: [0x0000017628000000 - 0x0000017728000000), (4294967296 bytes)
Klass Range:    [0x0000017628000000 - 0x0000017669000000), (1090519040 bytes)
Klass ID Range:  [8 - 1090519033) (1090519025)


Internal statistics:

num_allocs_failed_limit: 0.
num_arena_births: 304.
num_arena_deaths: 0.
num_vsnodes_births: 2.
num_vsnodes_deaths: 0.
num_space_committed: 247.
num_space_uncommitted: 0.
num_chunks_returned_to_freelist: 0.
num_chunks_taken_from_freelist: 395.
num_chunk_merges: 0.
num_chunk_splits: 240.
num_chunks_enlarged: 115.
num_inconsistent_stats: 0.

CodeHeap 'non-profiled nmethods': size=119232Kb used=783Kb max_used=783Kb free=118448Kb
 bounds [0x0000017617b10000, 0x0000017617d80000, 0x000001761ef80000]
CodeHeap 'profiled nmethods': size=119104Kb used=4977Kb max_used=4977Kb free=114126Kb
 bounds [0x000001760ff80000, 0x0000017610460000, 0x00000176173d0000]
CodeHeap 'non-nmethods': size=7424Kb used=1743Kb max_used=3457Kb free=5680Kb
 bounds [0x00000176173d0000, 0x0000017617740000, 0x0000017617b10000]
CodeCache: size=245760Kb, used=7503Kb, max_used=9217Kb, free=238254Kb
 total_blobs=3693, nmethods=2961, adapters=635, full_count=0
Compilation: enabled, stopped_count=0, restarted_count=0

Compilation events (20 events):
Event: 47.981 Thread 0x00000176278844c0 nmethod 2953 0x0000017610458f88 code [0x00000176104590e0, 0x0000017610459690]
Event: 47.981 Thread 0x00000176278844c0 2952       3       sun.rmi.transport.tcp.TCPConnection::releaseOutputStream (15 bytes)
Event: 47.981 Thread 0x00000176278844c0 nmethod 2952 0x0000017610459708 code [0x0000017610459820, 0x0000017610459a20]
Event: 49.012 Thread 0x00000176278844c0 2954       3       javax.management.openmbean.CompositeType::getType (18 bytes)
Event: 49.012 Thread 0x00000176278844c0 nmethod 2954 0x0000017610459a88 code [0x0000017610459bc0, 0x0000017610459f78]
Event: 49.012 Thread 0x00000176278844c0 2955       3       javax.management.openmbean.SimpleType::isValue (21 bytes)
Event: 49.012 Thread 0x00000176278844c0 nmethod 2955 0x000001761045a008 code [0x000001761045a160, 0x000001761045a640]
Event: 50.027 Thread 0x00000176278844c0 2957       3       java.io.ObjectInputStream$BlockDataInputStream::readInt (73 bytes)
Event: 50.027 Thread 0x00000176278844c0 nmethod 2957 0x000001761045a688 code [0x000001761045a880, 0x000001761045b6b8]
Event: 50.027 Thread 0x00000176278844c0 2958       3       java.io.ObjectInputStream::readShort (8 bytes)
Event: 50.027 Thread 0x00000176278844c0 nmethod 2958 0x000001761045b788 code [0x000001761045b8a0, 0x000001761045b9f8]
Event: 50.027 Thread 0x00000176278844c0 2956       3       java.io.ObjectInputStream::readInt (8 bytes)
Event: 50.027 Thread 0x00000176278844c0 nmethod 2956 0x000001761045ba88 code [0x000001761045bba0, 0x000001761045bcf0]
Event: 55.177 Thread 0x00000176278844c0 2959       3       java.util.concurrent.TimeUnit::toMillis (69 bytes)
Event: 55.177 Thread 0x00000176278844c0 nmethod 2959 0x000001761045bd88 code [0x000001761045bec0, 0x000001761045c190]
Event: 55.179 Thread 0x0000017627876b70 2960       4       java.lang.String::compareTo (9 bytes)
Event: 55.180 Thread 0x0000017627876b70 nmethod 2960 0x0000017617bd3a08 code [0x0000017617bd3b20, 0x0000017617bd3d90]
Event: 57.236 Thread 0x00000176278844c0 2961       3       javax.management.ObjectName::isPattern (17 bytes)
Event: 57.236 Thread 0x00000176278844c0 nmethod 2961 0x000001761045c208 code [0x000001761045c320, 0x000001761045c480]
Event: 59.291 Thread 0x0000017627876b70 2962   !   4       java.io.ObjectOutputStream::writeObject0 (620 bytes)

GC Heap History (0 events):
No events

Dll operation events (14 events):
Event: 0.007 Loaded shared library C:\Users\FPT\.jdks\openjdk-24.0.1\bin\java.dll
Event: 0.034 Loaded shared library C:\Users\FPT\.jdks\openjdk-24.0.1\bin\jsvml.dll
Event: 0.061 Loaded shared library C:\Users\FPT\.jdks\openjdk-24.0.1\bin\zip.dll
Event: 0.063 Loaded shared library C:\Users\FPT\.jdks\openjdk-24.0.1\bin\instrument.dll
Event: 0.067 Loaded shared library C:\Users\FPT\.jdks\openjdk-24.0.1\bin\net.dll
Event: 0.068 Loaded shared library C:\Users\FPT\.jdks\openjdk-24.0.1\bin\nio.dll
Event: 0.071 Loaded shared library C:\Users\FPT\.jdks\openjdk-24.0.1\bin\zip.dll
Event: 0.089 Loaded shared library C:\Users\FPT\.jdks\openjdk-24.0.1\bin\extnet.dll
Event: 0.090 Loaded shared library C:\Users\FPT\.jdks\openjdk-24.0.1\bin\jimage.dll
Event: 0.094 Loaded shared library C:\Users\FPT\.jdks\openjdk-24.0.1\bin\awt.dll
Event: 0.175 Loaded shared library C:\Users\FPT\.jdks\openjdk-24.0.1\bin\management.dll
Event: 0.180 Loaded shared library C:\Users\FPT\.jdks\openjdk-24.0.1\bin\management_ext.dll
Event: 0.481 Loaded shared library C:\Users\FPT\.jdks\openjdk-24.0.1\bin\freetype.dll
Event: 0.482 Loaded shared library C:\Users\FPT\.jdks\openjdk-24.0.1\bin\fontmanager.dll

Deoptimization events (20 events):
Event: 1.966 Thread 0x000001766d4d8030 Uncommon trap: trap_request=0xffffffde fr.pc=0x0000017617b79840 relative=0x00000000000001c0
Event: 1.966 Thread 0x000001766d4d8030 Uncommon trap: reason=class_check action=maybe_recompile pc=0x0000017617b79840 method=java.lang.String.equals(Ljava/lang/Object;)Z @ 8 c2
Event: 1.966 Thread 0x000001766d4d8030 DEOPT PACKING pc=0x0000017617b79840 sp=0x00000035338fd830
Event: 1.966 Thread 0x000001766d4d8030 DEOPT UNPACKING pc=0x00000176174f8a82 sp=0x00000035338fd7c8 mode 2
Event: 1.967 Thread 0x000001766d4d8030 Uncommon trap: trap_request=0xffffffde fr.pc=0x0000017617b79840 relative=0x00000000000001c0
Event: 1.967 Thread 0x000001766d4d8030 Uncommon trap: reason=class_check action=maybe_recompile pc=0x0000017617b79840 method=java.lang.String.equals(Ljava/lang/Object;)Z @ 8 c2
Event: 1.967 Thread 0x000001766d4d8030 DEOPT PACKING pc=0x0000017617b79840 sp=0x00000035338fd830
Event: 1.967 Thread 0x000001766d4d8030 DEOPT UNPACKING pc=0x00000176174f8a82 sp=0x00000035338fd7c8 mode 2
Event: 1.968 Thread 0x000001766d4d8030 Uncommon trap: trap_request=0xffffffde fr.pc=0x0000017617b79840 relative=0x00000000000001c0
Event: 1.968 Thread 0x000001766d4d8030 Uncommon trap: reason=class_check action=maybe_recompile pc=0x0000017617b79840 method=java.lang.String.equals(Ljava/lang/Object;)Z @ 8 c2
Event: 1.969 Thread 0x000001766d4d8030 DEOPT PACKING pc=0x0000017617b79840 sp=0x00000035338fd740
Event: 1.969 Thread 0x000001766d4d8030 DEOPT UNPACKING pc=0x00000176174f8a82 sp=0x00000035338fd6d8 mode 2
Event: 1.969 Thread 0x000001766d4d8030 Uncommon trap: trap_request=0xffffffde fr.pc=0x0000017617b79840 relative=0x00000000000001c0
Event: 1.969 Thread 0x000001766d4d8030 Uncommon trap: reason=class_check action=maybe_recompile pc=0x0000017617b79840 method=java.lang.String.equals(Ljava/lang/Object;)Z @ 8 c2
Event: 1.969 Thread 0x000001766d4d8030 DEOPT PACKING pc=0x0000017617b79840 sp=0x00000035338fd740
Event: 1.969 Thread 0x000001766d4d8030 DEOPT UNPACKING pc=0x00000176174f8a82 sp=0x00000035338fd6d8 mode 2
Event: 2.402 Thread 0x000001766d4d8030 Uncommon trap: trap_request=0xffffff4d fr.pc=0x0000017617baaca8 relative=0x0000000000000088
Event: 2.402 Thread 0x000001766d4d8030 Uncommon trap: reason=unstable_if action=reinterpret pc=0x0000017617baaca8 method=java.awt.Component.inside(II)Z @ 1 c2
Event: 2.402 Thread 0x000001766d4d8030 DEOPT PACKING pc=0x0000017617baaca8 sp=0x00000035338fd570
Event: 2.402 Thread 0x000001766d4d8030 DEOPT UNPACKING pc=0x00000176174f8a82 sp=0x00000035338fd400 mode 2

Classes loaded (20 events):
Event: 4.336 Loading class sun/java2d/loops/ProcessPath$1
Event: 4.336 Loading class sun/java2d/loops/ProcessPath$EndSubPathHandler
Event: 4.336 Loading class sun/java2d/loops/ProcessPath$EndSubPathHandler done
Event: 4.336 Loading class sun/java2d/loops/ProcessPath$1 done
Event: 4.336 Loading class sun/java2d/loops/ProcessPath$FillProcessHandler
Event: 4.336 Loading class sun/java2d/loops/ProcessPath$ProcessHandler
Event: 4.336 Loading class sun/java2d/loops/ProcessPath$ProcessHandler done
Event: 4.336 Loading class sun/java2d/loops/ProcessPath$FillProcessHandler done
Event: 4.336 Loading class sun/java2d/loops/ProcessPath$FillData
Event: 4.337 Loading class sun/java2d/loops/ProcessPath$FillData done
Event: 4.337 Loading class java/awt/geom/Path2D$Float$CopyIterator
Event: 4.337 Loading class java/awt/geom/Path2D$Iterator
Event: 4.337 Loading class java/awt/geom/Path2D$Iterator done
Event: 4.337 Loading class java/awt/geom/Path2D$Float$CopyIterator done
Event: 4.337 Loading class sun/java2d/loops/ProcessPath$Point
Event: 4.337 Loading class sun/java2d/loops/ProcessPath$Point done
Event: 4.337 Loading class sun/java2d/loops/ProcessPath$ActiveEdgeList
Event: 4.337 Loading class sun/java2d/loops/ProcessPath$ActiveEdgeList done
Event: 4.337 Loading class sun/java2d/loops/ProcessPath$Edge
Event: 4.337 Loading class sun/java2d/loops/ProcessPath$Edge done

Classes unloaded (0 events):
No events

Classes redefined (0 events):
No events

Internal exceptions (20 events):
Event: 0.451 Thread 0x000001766e4a1450 Exception <a 'java/lang/NoSuchMethodError'{0x00000007125135e8}: 'java.lang.Object java.lang.invoke.Invokers$Holder.invokeExact_MT(java.lang.Object, java.lang.Object, java.lang.Object, java.lang.Object, java.lang.Object, java.lang.Object)'> (0x00000007125135e8) 
thrown [s\open\src\hotspot\share\interpreter\linkResolver.cpp, line 805]
Event: 0.452 Thread 0x000001766e4a1450 Exception <a 'java/lang/NoSuchMethodError'{0x000000071251f328}: 'java.lang.Object java.lang.invoke.DirectMethodHandle$Holder.invokeInterface(java.lang.Object, java.lang.Object, java.lang.Object, java.lang.Object, java.lang.Object)'> (0x000000071251f328) 
thrown [s\open\src\hotspot\share\interpreter\linkResolver.cpp, line 805]
Event: 0.457 Thread 0x000001766e4a1450 Exception <a 'java/lang/NoSuchMethodError'{0x00000007125699a8}: 'double java.lang.invoke.DirectMethodHandle$Holder.invokeInterface(java.lang.Object, java.lang.Object)'> (0x00000007125699a8) 
thrown [s\open\src\hotspot\share\interpreter\linkResolver.cpp, line 805]
Event: 0.458 Thread 0x000001766e4a1450 Exception <a 'java/lang/NoSuchMethodError'{0x000000071257a618}: 'double java.lang.invoke.DelegatingMethodHandle$Holder.reinvoke_L(java.lang.Object, java.lang.Object)'> (0x000000071257a618) 
thrown [s\open\src\hotspot\share\interpreter\linkResolver.cpp, line 805]
Event: 0.468 Thread 0x000001766d4d8030 Exception <a 'java/lang/NoSuchMethodError'{0x00000007127997f8}: 'long java.lang.invoke.DirectMethodHandle$Holder.invokeStaticInit(java.lang.Object, long, long, long, long)'> (0x00000007127997f8) 
thrown [s\open\src\hotspot\share\interpreter\linkResolver.cpp, line 805]
Event: 0.468 Thread 0x000001766d4d8030 Exception <a 'java/lang/NoSuchMethodError'{0x00000007127a2200}: 'java.lang.Object java.lang.invoke.DirectMethodHandle$Holder.invokeInterface(java.lang.Object, java.lang.Object, long, long)'> (0x00000007127a2200) 
thrown [s\open\src\hotspot\share\interpreter\linkResolver.cpp, line 805]
Event: 0.469 Thread 0x000001766d4d8030 Exception <a 'java/lang/NoSuchMethodError'{0x00000007127ba9c0}: 'void java.lang.invoke.DirectMethodHandle$Holder.invokeStaticInit(java.lang.Object, java.lang.Object, long, java.lang.Object)'> (0x00000007127ba9c0) 
thrown [s\open\src\hotspot\share\interpreter\linkResolver.cpp, line 805]
Event: 0.469 Thread 0x000001766d4d8030 Exception <a 'java/lang/NoSuchMethodError'{0x00000007127c3130}: 'long java.lang.invoke.DirectMethodHandle$Holder.invokeStatic(java.lang.Object, long, long)'> (0x00000007127c3130) 
thrown [s\open\src\hotspot\share\interpreter\linkResolver.cpp, line 805]
Event: 0.471 Thread 0x000001766d4d8030 Exception <a 'java/lang/NoSuchMethodError'{0x00000007127ebac0}: 'java.lang.Object java.lang.invoke.DirectMethodHandle$Holder.newInvokeSpecial(java.lang.Object, int, java.lang.Object)'> (0x00000007127ebac0) 
thrown [s\open\src\hotspot\share\interpreter\linkResolver.cpp, line 805]
Event: 0.472 Thread 0x000001766d4d8030 Exception <a 'java/lang/NoSuchMethodError'{0x00000007122009b0}: 'void java.lang.invoke.DelegatingMethodHandle$Holder.reinvoke_L(java.lang.Object, java.lang.Object, java.lang.Object, java.lang.Object, long, long, int)'> (0x00000007122009b0) 
thrown [s\open\src\hotspot\share\interpreter\linkResolver.cpp, line 805]
Event: 0.474 Thread 0x000001766d4d8030 Exception <a 'java/lang/NoSuchMethodError'{0x0000000712220650}: 'java.lang.Object java.lang.invoke.DirectMethodHandle$Holder.invokeStatic(java.lang.Object, java.lang.Object, java.lang.Object, java.lang.Object, java.lang.Object, long)'> (0x0000000712220650) 
thrown [s\open\src\hotspot\share\interpreter\linkResolver.cpp, line 805]
Event: 0.475 Thread 0x000001766d4d8030 Exception <a 'java/lang/NoSuchMethodError'{0x0000000712244d18}: 'void java.lang.invoke.DelegatingMethodHandle$Holder.reinvoke_L(java.lang.Object, java.lang.Object, java.lang.Object, java.lang.Object, long, long, long)'> (0x0000000712244d18) 
thrown [s\open\src\hotspot\share\interpreter\linkResolver.cpp, line 805]
Event: 0.477 Thread 0x000001766d4d8030 Exception <a 'java/lang/NoSuchMethodError'{0x000000071225df48}: 'void java.lang.invoke.DirectMethodHandle$Holder.invokeStaticInit(java.lang.Object)'> (0x000000071225df48) 
thrown [s\open\src\hotspot\share\interpreter\linkResolver.cpp, line 805]
Event: 0.516 Thread 0x000001766d4d8030 Exception <a 'java/lang/NoSuchMethodError'{0x000000071230c338}: 'void java.lang.invoke.DelegatingMethodHandle$Holder.reinvoke_L(java.lang.Object, java.lang.Object, java.lang.Object, java.lang.Object, long, long, float)'> (0x000000071230c338) 
thrown [s\open\src\hotspot\share\interpreter\linkResolver.cpp, line 805]
Event: 0.518 Thread 0x000001766d4d8030 Exception <a 'java/lang/NoSuchMethodError'{0x00000007123569b0}: 'float java.lang.invoke.DelegatingMethodHandle$Holder.reinvoke_L(java.lang.Object, java.lang.Object, java.lang.Object, java.lang.Object, long, long)'> (0x00000007123569b0) 
thrown [s\open\src\hotspot\share\interpreter\linkResolver.cpp, line 805]
Event: 0.552 Thread 0x000001766d019a80 Exception <a 'java/lang/NoSuchMethodError'{0x00000007139060a0}: 'void java.lang.invoke.DirectMethodHandle$Holder.invokeVirtual(java.lang.Object, java.lang.Object)'> (0x00000007139060a0) 
thrown [s\open\src\hotspot\share\interpreter\linkResolver.cpp, line 805]
Event: 0.579 Thread 0x000001766d4d8030 Exception <a 'java/lang/NoSuchMethodError'{0x00000007123d8f98}: 'void java.lang.invoke.DelegatingMethodHandle$Holder.reinvoke_L(java.lang.Object, java.lang.Object, java.lang.Object, java.lang.Object, long, long, double)'> (0x00000007123d8f98) 
thrown [s\open\src\hotspot\share\interpreter\linkResolver.cpp, line 805]
Event: 0.722 Thread 0x000001766e4a1450 Exception <a 'java/lang/NoSuchMethodError'{0x00000007125a21a0}: 'long java.lang.invoke.DirectMethodHandle$Holder.invokeVirtual(java.lang.Object, java.lang.Object)'> (0x00000007125a21a0) 
thrown [s\open\src\hotspot\share\interpreter\linkResolver.cpp, line 805]
Event: 0.723 Thread 0x000001766e4a1450 Exception <a 'java/lang/NoSuchMethodError'{0x00000007125b2450}: 'long java.lang.invoke.DelegatingMethodHandle$Holder.reinvoke_L(java.lang.Object, java.lang.Object)'> (0x00000007125b2450) 
thrown [s\open\src\hotspot\share\interpreter\linkResolver.cpp, line 805]
Event: 1.994 Thread 0x000001766d4d8030 Exception <a 'java/lang/NoSuchMethodError'{0x00000007120c8cf0}: 'int java.lang.invoke.DirectMethodHandle$Holder.invokeStatic(java.lang.Object)'> (0x00000007120c8cf0) 
thrown [s\open\src\hotspot\share\interpreter\linkResolver.cpp, line 805]

VM Operations (20 events):
Event: 0.125 Executing VM operation: HandshakeAllThreads (Deoptimize)
Event: 0.125 Executing VM operation: HandshakeAllThreads (Deoptimize) done
Event: 0.335 Executing VM operation: HandshakeAllThreads (Deoptimize)
Event: 0.335 Executing VM operation: HandshakeAllThreads (Deoptimize) done
Event: 0.412 Executing VM operation: HandshakeAllThreads (Deoptimize)
Event: 0.412 Executing VM operation: HandshakeAllThreads (Deoptimize) done
Event: 0.436 Executing VM operation: HandshakeAllThreads (Deoptimize)
Event: 0.436 Executing VM operation: HandshakeAllThreads (Deoptimize) done
Event: 0.471 Executing VM operation: HandshakeAllThreads (Deoptimize)
Event: 0.471 Executing VM operation: HandshakeAllThreads (Deoptimize) done
Event: 0.509 Executing VM operation: HandshakeAllThreads (Deoptimize)
Event: 0.509 Executing VM operation: HandshakeAllThreads (Deoptimize) done
Event: 0.680 Executing VM operation: HandshakeAllThreads (Deoptimize)
Event: 0.680 Executing VM operation: HandshakeAllThreads (Deoptimize) done
Event: 1.958 Executing VM operation: HandshakeAllThreads (Deoptimize)
Event: 1.958 Executing VM operation: HandshakeAllThreads (Deoptimize) done
Event: 60.146 Executing VM operation: HandshakeAllThreads (HandshakeForDeflation)
Event: 60.146 Executing VM operation: HandshakeAllThreads (HandshakeForDeflation) done
Event: 60.147 Executing VM operation: RendezvousGCThreads
Event: 60.147 Executing VM operation: RendezvousGCThreads done

Memory protections (0 events):
No events

Nmethod flushes (0 events):
No events

Events (20 events):
Event: 0.145 Thread 0x00000176076d9fd0 Thread added: 0x000001766d4d8030
Event: 0.145 Thread 0x00000176076d9fd0 Thread exited: 0x00000176076d9fd0
Event: 0.145 Thread 0x00000176076d9fd0 Thread added: 0x00000176076d9fd0
Event: 0.285 Thread 0x00000176279d8810 Thread added: 0x000001766e3d06e0
Event: 0.294 Thread 0x000001766e3d06e0 Thread added: 0x000001766e3d2520
Event: 0.406 Thread 0x0000017627869ee0 Thread added: 0x000001766e4cfe90
Event: 0.417 Thread 0x000001766e4cfe90 Thread added: 0x000001766e4a1450
Event: 0.430 Thread 0x000001766e4a1450 Thread added: 0x000001766e750ac0
Event: 0.435 Thread 0x000001766e4a1450 Thread added: 0x000001766e4e4400
Event: 0.566 Thread 0x000001766d4d8030 Thread added: 0x000001766e4e59f0
Event: 0.679 Thread 0x000001766d4d8030 Thread added: 0x000001766e4e8d20
Event: 0.687 Thread 0x000001766e3d2520 Thread exited: 0x000001766e3d2520
Event: 0.776 Thread 0x000001766e3d06e0 Thread exited: 0x000001766e3d06e0
Event: 0.840 Thread 0x000001766d415980 Thread exited: 0x000001766d415980
Event: 1.048 Thread 0x00000176279d8810 Thread exited: 0x00000176279d8810
Event: 1.959 Thread 0x000001766d4d8030 Thread added: 0x000001766e4e85d0
Event: 7.915 Thread 0x000001762797fac0 Thread exited: 0x000001762797fac0
Event: 8.114 Thread 0x000001766e4e85d0 Thread exited: 0x000001766e4e85d0
Event: 8.816 Thread 0x000001762797e6d0 Thread exited: 0x000001762797e6d0
Event: 8.816 Thread 0x0000017627841dd0 Thread exited: 0x0000017627841dd0


Dynamic libraries:
0x00007ff720650000 - 0x00007ff72065e000 	C:\Users\FPT\.jdks\openjdk-24.0.1\bin\java.exe
0x00007ffdf18c0000 - 0x00007ffdf1b20000 	C:\WINDOWS\SYSTEM32\ntdll.dll
0x00007ffdefd00000 - 0x00007ffdefdc7000 	C:\WINDOWS\System32\KERNEL32.DLL
0x00007ffdef020000 - 0x00007ffdef3ea000 	C:\WINDOWS\System32\KERNELBASE.dll
0x00007ffdef480000 - 0x00007ffdef5cb000 	C:\WINDOWS\System32\ucrtbase.dll
0x00007ffddd7a0000 - 0x00007ffddd7b6000 	C:\Users\FPT\.jdks\openjdk-24.0.1\bin\jli.dll
0x00007ffddd4f0000 - 0x00007ffddd50b000 	C:\Users\FPT\.jdks\openjdk-24.0.1\bin\VCRUNTIME140.dll
0x00007ffdef6c0000 - 0x00007ffdef88c000 	C:\WINDOWS\System32\USER32.dll
0x00007ffdce270000 - 0x00007ffdce507000 	C:\WINDOWS\WinSxS\amd64_microsoft.windows.common-controls_6595b64144ccf1df_6.0.26100.3624_none_3e086962e3345f24\COMCTL32.dll
0x00007ffdef690000 - 0x00007ffdef6b7000 	C:\WINDOWS\System32\win32u.dll
0x00007ffdf0680000 - 0x00007ffdf0729000 	C:\WINDOWS\System32\msvcrt.dll
0x00007ffdefcc0000 - 0x00007ffdefcea000 	C:\WINDOWS\System32\GDI32.dll
0x00007ffdeed60000 - 0x00007ffdeee91000 	C:\WINDOWS\System32\gdi32full.dll
0x00007ffdeecb0000 - 0x00007ffdeed53000 	C:\WINDOWS\System32\msvcp_win.dll
0x00007ffdefc80000 - 0x00007ffdefcaf000 	C:\WINDOWS\System32\IMM32.DLL
0x00007ffde52e0000 - 0x00007ffde52ec000 	C:\Users\FPT\.jdks\openjdk-24.0.1\bin\vcruntime140_1.dll
0x00007ffdd8fc0000 - 0x00007ffdd904e000 	C:\Users\FPT\.jdks\openjdk-24.0.1\bin\msvcp140.dll
0x00007ffd5cb00000 - 0x00007ffd5d8a2000 	C:\Users\FPT\.jdks\openjdk-24.0.1\bin\server\jvm.dll
0x00007ffdf17c0000 - 0x00007ffdf1872000 	C:\WINDOWS\System32\ADVAPI32.dll
0x00007ffdf1250000 - 0x00007ffdf12f6000 	C:\WINDOWS\System32\sechost.dll
0x00007ffdf0f50000 - 0x00007ffdf1066000 	C:\WINDOWS\System32\RPCRT4.dll
0x00007ffdf1610000 - 0x00007ffdf1684000 	C:\WINDOWS\System32\WS2_32.dll
0x00007ffded710000 - 0x00007ffded76e000 	C:\WINDOWS\SYSTEM32\POWRPROF.dll
0x00007ffde4740000 - 0x00007ffde474b000 	C:\WINDOWS\SYSTEM32\VERSION.dll
0x00007ffde2780000 - 0x00007ffde27b6000 	C:\WINDOWS\SYSTEM32\WINMM.dll
0x00007ffded6f0000 - 0x00007ffded704000 	C:\WINDOWS\SYSTEM32\UMPDC.dll
0x00007ffded9d0000 - 0x00007ffded9ea000 	C:\WINDOWS\SYSTEM32\kernel.appcore.dll
0x00007ffddb2a0000 - 0x00007ffddb2aa000 	C:\Users\FPT\.jdks\openjdk-24.0.1\bin\jimage.dll
0x00007ffdebc20000 - 0x00007ffdebe61000 	C:\WINDOWS\SYSTEM32\DBGHELP.DLL
0x00007ffdf0bc0000 - 0x00007ffdf0f42000 	C:\WINDOWS\System32\combase.dll
0x00007ffdefa00000 - 0x00007ffdefad6000 	C:\WINDOWS\System32\OLEAUT32.dll
0x00007ffdb1e00000 - 0x00007ffdb1e39000 	C:\WINDOWS\SYSTEM32\dbgcore.DLL
0x00007ffdeec10000 - 0x00007ffdeeca9000 	C:\WINDOWS\System32\bcryptPrimitives.dll
0x00007ffddb290000 - 0x00007ffddb29f000 	C:\Users\FPT\.jdks\openjdk-24.0.1\bin\instrument.dll
0x00007ffddb270000 - 0x00007ffddb28e000 	C:\Users\FPT\.jdks\openjdk-24.0.1\bin\java.dll
0x00007ffdf13c0000 - 0x00007ffdf1556000 	C:\WINDOWS\System32\ole32.dll
0x00007ffdefdd0000 - 0x00007ffdf04f9000 	C:\WINDOWS\System32\SHELL32.dll
0x00007ffdeeaa0000 - 0x00007ffdeec08000 	C:\WINDOWS\System32\wintypes.dll
0x00007ffdec740000 - 0x00007ffdecf92000 	C:\WINDOWS\SYSTEM32\windows.storage.dll
0x00007ffdf0580000 - 0x00007ffdf066d000 	C:\WINDOWS\System32\SHCORE.dll
0x00007ffdf1300000 - 0x00007ffdf1364000 	C:\WINDOWS\System32\shlwapi.dll
0x00007ffdee9b0000 - 0x00007ffdee9df000 	C:\WINDOWS\SYSTEM32\profapi.dll
0x00007ffdbf090000 - 0x00007ffdbf167000 	C:\Users\FPT\.jdks\openjdk-24.0.1\bin\jsvml.dll
0x00007ffdd9750000 - 0x00007ffdd9767000 	C:\Users\FPT\.jdks\openjdk-24.0.1\bin\zip.dll
0x00007ffddaf50000 - 0x00007ffddaf60000 	C:\Users\FPT\.jdks\openjdk-24.0.1\bin\net.dll
0x00007ffdedef0000 - 0x00007ffdedf5a000 	C:\WINDOWS\system32\mswsock.dll
0x00007ffddaab0000 - 0x00007ffddaac6000 	C:\Users\FPT\.jdks\openjdk-24.0.1\bin\nio.dll
0x00007ffddab40000 - 0x00007ffddab49000 	C:\Users\FPT\.jdks\openjdk-24.0.1\bin\extnet.dll
0x00007ffdbb760000 - 0x00007ffdbb8de000 	C:\Users\FPT\.jdks\openjdk-24.0.1\bin\awt.dll
0x00007ffde8de0000 - 0x00007ffde8e7c000 	C:\WINDOWS\SYSTEM32\apphelp.dll
0x00007ffde8f30000 - 0x00007ffde8fde000 	C:\WINDOWS\system32\uxtheme.dll
0x00007ffdef890000 - 0x00007ffdef9ed000 	C:\WINDOWS\System32\MSCTF.dll
0x00007ffde9270000 - 0x00007ffde92a6000 	C:\WINDOWS\system32\DWMAPI.DLL
0x00007ffdd6110000 - 0x00007ffdd621c000 	C:\WINDOWS\system32\opengl32.dll
0x00007ffddab50000 - 0x00007ffddab7d000 	C:\WINDOWS\SYSTEM32\GLU32.dll
0x00007ffdec050000 - 0x00007ffdec097000 	C:\WINDOWS\SYSTEM32\dxcore.dll
0x00007ffd775c0000 - 0x00007ffd7776c000 	C:\WINDOWS\system32\d3d9.dll
0x00007ffd7f880000 - 0x00007ffd7f941000 	C:\WINDOWS\System32\DriverStore\FileRepository\nvdm.inf_amd64_b3fa0681b0214c52\nvldumdx.dll
0x00007ffdee2b0000 - 0x00007ffdee2c3000 	C:\WINDOWS\SYSTEM32\msasn1.dll
0x00007ffde47a0000 - 0x00007ffde47db000 	C:\WINDOWS\SYSTEM32\cryptnet.dll
0x00007ffdeeea0000 - 0x00007ffdef017000 	C:\WINDOWS\System32\CRYPT32.dll
0x00007ffdee1b0000 - 0x00007ffdee1bc000 	C:\WINDOWS\SYSTEM32\cryptbase.dll
0x00007ffdee250000 - 0x00007ffdee2ad000 	C:\WINDOWS\SYSTEM32\wldp.dll
0x00007ffded440000 - 0x00007ffded565000 	C:\WINDOWS\SYSTEM32\DNSAPI.dll
0x00007ffded3a0000 - 0x00007ffded3d3000 	C:\WINDOWS\SYSTEM32\IPHLPAPI.DLL
0x00007ffdef9f0000 - 0x00007ffdef9fa000 	C:\WINDOWS\System32\NSI.dll
0x00007ffdddb30000 - 0x00007ffdddcac000 	C:\WINDOWS\SYSTEM32\drvstore.dll
0x00007ffdee740000 - 0x00007ffdee76d000 	C:\WINDOWS\SYSTEM32\devobj.dll
0x00007ffdee6d0000 - 0x00007ffdee72f000 	C:\WINDOWS\SYSTEM32\cfgmgr32.dll
0x000000005bd50000 - 0x000000005bd76000 	C:\Program Files\Bonjour\mdnsNSP.dll
0x00007ffdef3f0000 - 0x00007ffdef46f000 	C:\WINDOWS\System32\wintrust.dll
0x00007ffde52c0000 - 0x00007ffde52cb000 	C:\Windows\System32\rasadhlp.dll
0x00007ffde6530000 - 0x00007ffde65b5000 	C:\WINDOWS\System32\fwpuclnt.dll
0x00007ffdf15e0000 - 0x00007ffdf1600000 	C:\WINDOWS\System32\imagehlp.dll
0x00007ffdda840000 - 0x00007ffdda84a000 	C:\Users\FPT\.jdks\openjdk-24.0.1\bin\management.dll
0x00007ffdd92c0000 - 0x00007ffdd92cb000 	C:\Users\FPT\.jdks\openjdk-24.0.1\bin\management_ext.dll
0x00007ffdf0670000 - 0x00007ffdf0678000 	C:\WINDOWS\System32\PSAPI.DLL
0x00007ffdee190000 - 0x00007ffdee1ac000 	C:\WINDOWS\SYSTEM32\CRYPTSP.dll
0x00007ffded930000 - 0x00007ffded96a000 	C:\WINDOWS\system32\rsaenh.dll
0x00007ffdee980000 - 0x00007ffdee9a6000 	C:\WINDOWS\SYSTEM32\bcrypt.dll
0x00007ffd588e0000 - 0x00007ffd5a8ce000 	C:\WINDOWS\System32\DriverStore\FileRepository\nvdm.inf_amd64_b3fa0681b0214c52\nvgpucomp64.dll
0x00007ffd47420000 - 0x00007ffd48eb4000 	C:\WINDOWS\System32\DriverStore\FileRepository\nvdm.inf_amd64_b3fa0681b0214c52\nvd3dumx.dll
0x00007ffde90a0000 - 0x00007ffde90fe000 	C:\WINDOWS\SYSTEM32\directxdatabasehelper.dll
0x00007ffd78fe0000 - 0x00007ffd79256000 	C:\WINDOWS\System32\DriverStore\FileRepository\iigd_dch.inf_amd64_8db27b065f5e4645\igdumdim64.dll
0x00007ffd45ef0000 - 0x00007ffd47419000 	C:\WINDOWS\System32\DriverStore\FileRepository\iigd_dch.inf_amd64_8db27b065f5e4645\igd9dxva64.dll
0x00007ffdf0730000 - 0x00007ffdf0bb6000 	C:\WINDOWS\System32\SETUPAPI.dll
0x00007ffdce910000 - 0x00007ffdd063e000 	C:\WINDOWS\System32\DriverStore\FileRepository\iigd_dch.inf_amd64_8db27b065f5e4645\media_bin_64.dll
0x00007ffde2290000 - 0x00007ffde26d2000 	C:\WINDOWS\System32\DriverStore\FileRepository\iigd_dch.inf_amd64_8db27b065f5e4645\igdgmm64.dll
0x00007ffdedf60000 - 0x00007ffdedf87000 	C:\WINDOWS\SYSTEM32\gpapi.dll
0x00007ffd95a30000 - 0x00007ffd95b85000 	C:\WINDOWS\System32\DriverStore\FileRepository\nvdm.inf_amd64_b3fa0681b0214c52\nvppex.dll
0x00007ffdedf90000 - 0x00007ffdedfbb000 	C:\WINDOWS\SYSTEM32\USERENV.dll
0x00007ffd73540000 - 0x00007ffd73558000 	C:\WINDOWS\system32\napinsp.dll
0x00007ffd735a0000 - 0x00007ffd735b2000 	C:\WINDOWS\System32\winrnr.dll
0x00007ffd85a80000 - 0x00007ffd85ab0000 	C:\WINDOWS\system32\nlansp_c.dll
0x00007ffdb3aa0000 - 0x00007ffdb3ab6000 	C:\WINDOWS\system32\wshbth.dll
0x00007ffdc5300000 - 0x00007ffdc534e000 	C:\WINDOWS\SYSTEM32\pdh.dll
0x00007ffdbf000000 - 0x00007ffdbf087000 	C:\Users\FPT\.jdks\openjdk-24.0.1\bin\freetype.dll
0x00007ffdbc150000 - 0x00007ffdbc227000 	C:\Users\FPT\.jdks\openjdk-24.0.1\bin\fontmanager.dll
0x00007ffdd5f80000 - 0x00007ffdd60c9000 	C:\WINDOWS\SYSTEM32\textinputframework.dll
0x00007ffde70c0000 - 0x00007ffde70d2000 	C:\WINDOWS\System32\perfproc.dll
0x00007ffde8690000 - 0x00007ffde87b6000 	C:\WINDOWS\SYSTEM32\CoreMessaging.dll
0x00007ffde4920000 - 0x00007ffde4c03000 	C:\WINDOWS\SYSTEM32\CoreUIComponents.dll
0x00007ffde7060000 - 0x00007ffde7071000 	C:\WINDOWS\System32\perfos.dll
0x00007ffdecfe0000 - 0x00007ffdecff2000 	C:\WINDOWS\SYSTEM32\pfclient.dll

JVMTI agents:
C:\Program Files\JetBrains\IntelliJ IDEA 2025.1.1.1\lib\idea_rt.jar path:C:\Users\FPT\.jdks\openjdk-24.0.1\bin\instrument.dll, loaded, initialized, instrumentlib options:61462

dbghelp: loaded successfully - version: 4.0.5 - missing functions: none
symbol engine: initialized successfully - sym options: 0x614 - pdb path: .;C:\Users\FPT\.jdks\openjdk-24.0.1\bin;C:\WINDOWS\SYSTEM32;C:\WINDOWS\WinSxS\amd64_microsoft.windows.common-controls_6595b64144ccf1df_6.0.26100.3624_none_3e086962e3345f24;C:\Users\FPT\.jdks\openjdk-24.0.1\bin\server;C:\WINDOWS\System32\DriverStore\FileRepository\nvdm.inf_amd64_b3fa0681b0214c52;C:\Program Files\Bonjour;C:\WINDOWS\System32\DriverStore\FileRepository\iigd_dch.inf_amd64_8db27b065f5e4645

VM Arguments:
jvm_args: -javaagent:C:\Program Files\JetBrains\IntelliJ IDEA 2025.1.1.1\lib\idea_rt.jar=61462 -Dfile.encoding=UTF-8 -Dsun.stdout.encoding=UTF-8 -Dsun.stderr.encoding=UTF-8 
java_command: Main
java_class_path (initial): D:\CSDL\untitled\out\production\untitled
Launcher Type: SUN_STANDARD

[Global flags]
     intx CICompilerCount                          = 12                                        {product} {ergonomic}
     uint ConcGCThreads                            = 3                                         {product} {ergonomic}
     uint G1ConcRefinementThreads                  = 13                                        {product} {ergonomic}
   size_t G1HeapRegionSize                         = 2097152                                   {product} {ergonomic}
   size_t InitialHeapSize                          = 264241152                                 {product} {ergonomic}
   size_t MarkStackSize                            = 4194304                                   {product} {ergonomic}
   size_t MarkStackSizeMax                         = 536870912                                 {product} {ergonomic}
   size_t MaxHeapSize                              = 4223664128                                {product} {ergonomic}
   size_t MaxNewSize                               = 2533359616                                {product} {ergonomic}
   size_t MinHeapDeltaBytes                        = 2097152                                   {product} {ergonomic}
   size_t MinHeapSize                              = 8388608                                   {product} {ergonomic}
    uintx NonNMethodCodeHeapSize                   = 7602176                                {pd product} {ergonomic}
    uintx NonProfiledCodeHeapSize                  = 122093568                              {pd product} {ergonomic}
    uintx ProfiledCodeHeapSize                     = 121962496                              {pd product} {ergonomic}
    uintx ReservedCodeCacheSize                    = 251658240                              {pd product} {ergonomic}
     bool SegmentedCodeCache                       = true                                      {product} {ergonomic}
   size_t SoftMaxHeapSize                          = 4223664128                             {manageable} {ergonomic}
     bool UseCompressedOops                        = true                           {product lp64_product} {ergonomic}
     bool UseG1GC                                  = true                                      {product} {ergonomic}
     bool UseLargePagesIndividualAllocation        = false                                  {pd product} {ergonomic}

Logging:
Log output configuration:
 #0: stdout all=warning uptime,level,tags foldmultilines=false
 #1: stderr all=off uptime,level,tags foldmultilines=false

Environment Variables:
PATH=C:\WINDOWS\system32;C:\WINDOWS;C:\WINDOWS\System32\Wbem;C:\WINDOWS\System32\WindowsPowerShell\v1.0\;C:\WINDOWS\System32\OpenSSH\;E:\Git\cmd;C:\MinGW\bin;C:\Program Files (x86)\Microsoft SQL Server\160\Tools\Binn\;C:\Program Files\Microsoft SQL Server\160\Tools\Binn\;C:\Program Files\Microsoft SQL Server\Client SDK\ODBC\170\Tools\Binn\;C:\Program Files\Microsoft SQL Server\160\DTS\Binn\;C:\Program Files (x86)\Microsoft SQL Server\160\DTS\Binn\;C:\Program Files (x86)\Windows Kits\10\Windows Performance Toolkit\;C:\Program Files\nodejs\;C:\Users\FPT\AppData\Local\Microsoft\WindowsApps;C:\vcpkg;C:\Program Files\gnuplot\bin;C:\msys64\mingw64\bin;C:\Users\FPT\AppData\Local\Programs\Microsoft VS Code\bin;C:\Users\FPT\AppData\Roaming\npm;C:\Users\FPT\vcpkg;C:\Users\FPT\vcpkg\installed\x64-windows\lib;
USERNAME=FPT
OS=Windows_NT
PROCESSOR_IDENTIFIER=Intel64 Family 6 Model 141 Stepping 1, GenuineIntel
TMP=C:\Users\FPT\AppData\Local\Temp
TEMP=C:\Users\FPT\AppData\Local\Temp




Periodic native trim disabled

---------------  S Y S T E M  ---------------

OS:
 Windows 11 , 64 bit Build 26100 (10.0.26100.3775)
OS uptime: 5 days 17:05 hours
Hyper-V role detected

CPU: total 16 (initial active 16) (8 cores per cpu, 2 threads per core) family 6 model 141 stepping 1 microcode 0x56, cx8, cmov, fxsr, ht, mmx, 3dnowpref, sse, sse2, sse3, ssse3, sse4.1, sse4.2, popcnt, lzcnt, tsc, tscinvbit, avx, avx2, aes, erms, clmul, bmi1, bmi2, adx, avx512f, avx512dq, avx512cd, avx512bw, avx512vl, sha, fma, vzeroupper, avx512_vpopcntdq, avx512_vpclmulqdq, avx512_vaes, avx512_vnni, clflush, clflushopt, clwb, avx512_vbmi2, avx512_vbmi, hv, rdtscp, rdpid, fsrm, gfni, avx512_bitalg, f16c, cet_ibt, cet_ss, avx512_ifma
Processor Information for the first 16 processors :
  Max Mhz: 2304, Current Mhz: 2304, Mhz Limit: 2304

Memory: 4k page, system-wide physical 16110M (4036M free)
TotalPageFile size 16110M (AvailPageFile size 5M)
current process WorkingSet (physical memory assigned to process): 143M, peak: 143M
current process commit charge ("private bytes"): 441M, peak: 449M

vm_info: OpenJDK 64-Bit Server VM (24.0.1+9-30) for windows-amd64 JRE (24.0.1+9-30), built on 2025-03-05T07:23:45Z with MS VC++ 17.6 (VS2022)

END.
