#
# There is insufficient memory for the Java Runtime Environment to continue.
# Native memory allocation (mmap) failed to map 134217728 bytes. Error detail: G1 virtual space
# Possible reasons:
#   The system is out of physical RAM or swap space
#   This process is running with CompressedOops enabled, and the Java Heap may be blocking the growth of the native heap
# Possible solutions:
#   Reduce memory load on the system
#   Increase physical memory or swap space
#   Check if swap backing store is full
#   Decrease Java heap size (-Xmx/-Xms)
#   Decrease number of Java threads
#   Decrease Java thread stack sizes (-Xss)
#   Set larger code cache with -XX:ReservedCodeCacheSize=
#   JVM is running with Unscaled Compressed Oops mode in which the Java heap is
#     placed in the first 4GB address space. The Java Heap base address is the
#     maximum limit for the native heap growth. Please use -XX:HeapBaseMinAddress
#     to set the Java Heap base and to place the Java Heap above 4GB virtual address.
# This output file may be truncated or incomplete.
#
#  Out of Memory Error (os_windows.cpp:3898), pid=13968, tid=15240
#
# JRE version:  (21.0.6+9) (build )
# Java VM: OpenJDK 64-Bit Server VM (21.0.6+9-b895.109, mixed mode, sharing, tiered, compressed oops, compressed class ptrs, g1 gc, windows-amd64)
# No core dump will be written. Minidumps are not enabled by default on client versions of Windows
#

---------------  S U M M A R Y ------------

Command Line: -Djava.rmi.server.hostname=127.0.0.1 -Duser.timezone=UTC -Djava.library.path=C:\Users\FPT\AppData\Roaming\JetBrains\IntelliJIdea2025.1\jdbc-drivers\SQL Server\12.8.1\com\microsoft\sqlserver\mssql-jdbc_auth\12.8.1.x86;C:\Users\FPT\AppData\Roaming\JetBrains\IntelliJIdea2025.1\jdbc-drivers\SQL Server\12.8.1\com\microsoft\sqlserver\mssql-jdbc_auth\12.8.1.x64 -Xmx2048m -Xms128m -Djdbc.classpath=C:\Users\FPT\AppData\Local\Temp\RemoteDriver.classpath.txt --add-exports=java.desktop/sun.awt=ALL-UNNAMED --add-exports=java.desktop/java.awt.peer=ALL-UNNAMED --add-opens=java.desktop/java.awt=ALL-UNNAMED --add-opens=jdk.unsupported/sun.misc=ALL-UNNAMED --add-opens=java.base/java.nio=ALL-UNNAMED --add-opens=java.base/java.util=ALL-UNNAMED -Dfile.encoding=UTF-8 -Dsun.stdout.encoding=UTF-8 -Dsun.stderr.encoding=UTF-8 com.intellij.database.remote.RemoteJdbcServer com.microsoft.sqlserver.jdbc.SQLServerDriver

Host: 11th Gen Intel(R) Core(TM) i7-11800H @ 2.30GHz, 16 cores, 15G,  Windows 11 , 64 bit Build 26100 (10.0.26100.3775)
Time: Tue May 20 01:19:35 2025 SE Asia Standard Time elapsed time: 1.046566 seconds (0d 0h 0m 1s)

---------------  T H R E A D  ---------------

Current thread (0x000001c3e2ecebc0):  JavaThread "Unknown thread" [_thread_in_vm, id=15240, stack(0x000000c0d7800000,0x000000c0d7900000) (1024K)]

Stack: [0x000000c0d7800000,0x000000c0d7900000]
Native frames: (J=compiled Java code, j=interpreted, Vv=VM code, C=native code)
V  [jvm.dll+0x6e5cb9]
V  [jvm.dll+0x8c4113]
V  [jvm.dll+0x8c666e]
V  [jvm.dll+0x8c6d53]
V  [jvm.dll+0x288f76]
V  [jvm.dll+0x6e2575]
V  [jvm.dll+0x6d602a]
V  [jvm.dll+0x3635db]
V  [jvm.dll+0x36b1a6]
V  [jvm.dll+0x3bd4f6]
V  [jvm.dll+0x3bd7c8]
V  [jvm.dll+0x335d2c]
V  [jvm.dll+0x336a1b]
V  [jvm.dll+0x88b569]
V  [jvm.dll+0x3ca6c8]
V  [jvm.dll+0x8745b8]
V  [jvm.dll+0x45f0de]
V  [jvm.dll+0x460dc1]
C  [jli.dll+0x52ab]
C  [ucrtbase.dll+0x37b0]
C  [KERNEL32.DLL+0x2e8d7]
C  [ntdll.dll+0xb14fc]


---------------  P R O C E S S  ---------------

Threads class SMR info:
_java_thread_list=0x00007ffd6a04a148, length=0, elements={
}

Java Threads: ( => current thread )
Total: 0

Other Threads:
  0x000001c3e2f26cc0 WorkerThread "GC Thread#0"                     [id=20804, stack(0x000000c0d7900000,0x000000c0d7a00000) (1024K)]
  0x000001c3e2f37bb0 ConcurrentGCThread "G1 Main Marker"            [id=3344, stack(0x000000c0d7a00000,0x000000c0d7b00000) (1024K)]
  0x000001c3e2f39440 WorkerThread "G1 Conc#0"                       [id=16748, stack(0x000000c0d7b00000,0x000000c0d7c00000) (1024K)]

[error occurred during error reporting (printing all threads), id 0xc0000005, EXCEPTION_ACCESS_VIOLATION (0xc0000005) at pc=0x00007ffd69738e07]
VM state: not at safepoint (not fully initialized)

VM Mutex/Monitor currently owned by a thread:  ([mutex/lock_event])
[0x00007ffd6a0beb30] Heap_lock - owner thread: 0x000001c3e2ecebc0

Heap address: 0x0000000080000000, size: 2048 MB, Compressed Oops mode: 32-bit

CDS archive(s) mapped at: [0x0000000000000000-0x0000000000000000-0x0000000000000000), size 0, SharedBaseAddress: 0x0000000800000000, ArchiveRelocationMode: 1.
Narrow klass base: 0x0000000000000000, Narrow klass shift: 0, Narrow klass range: 0x0

GC Precious Log:
 CardTable entry size: 512
 Card Set container configuration: InlinePtr #cards 5 size 8 Array Of Cards #cards 12 size 40 Howl #buckets 4 coarsen threshold 1843 Howl Bitmap #cards 512 size 80 coarsen threshold 460 Card regions per heap region 1 cards per card region 2048

Heap:
 garbage-first heap   total 0K, used 0K [0x0000000080000000, 0x0000000100000000)
  region size 1024K, 0 young (0K), 0 survivors (0K)
 Metaspace       used 0K, committed 0K, reserved 0K
  class space    used 0K, committed 0K, reserved 0K

Heap Regions: E=young(eden), S=young(survivor), O=old, HS=humongous(starts), HC=humongous(continues), CS=collection set, F=free, TAMS=top-at-mark-start, PB=parsable bottom

Card table byte_map: [0x000001c3f6b80000,0x000001c3f6f80000] _byte_map_base: 0x000001c3f6780000

Marking Bits: (CMBitMap*) 0x000001c3e2f272d0
 Bits: [0x000001c3f6f80000, 0x000001c3f8f80000)

GC Heap History (0 events):
No events

Dll operation events (1 events):
Event: 0.005 Loaded shared library C:\Program Files\JetBrains\IntelliJ IDEA 2025.1.1.1\jbr\bin\java.dll

Deoptimization events (0 events):
No events

Classes loaded (0 events):
No events

Classes unloaded (0 events):
No events

Classes redefined (0 events):
No events

Internal exceptions (0 events):
No events

ZGC Phase Switch (0 events):
No events

VM Operations (0 events):
No events

Memory protections (0 events):
No events

Nmethod flushes (0 events):
No events

Events (0 events):
No events


Dynamic libraries:
0x00007ff7865a0000 - 0x00007ff7865aa000 	C:\Program Files\JetBrains\IntelliJ IDEA 2025.1.1.1\jbr\bin\java.exe
0x00007ffdf18c0000 - 0x00007ffdf1b20000 	C:\WINDOWS\SYSTEM32\ntdll.dll
0x00007ffdefd00000 - 0x00007ffdefdc7000 	C:\WINDOWS\System32\KERNEL32.DLL
0x00007ffdef020000 - 0x00007ffdef3ea000 	C:\WINDOWS\System32\KERNELBASE.dll
0x00007ffdef480000 - 0x00007ffdef5cb000 	C:\WINDOWS\System32\ucrtbase.dll
0x00007ffde52e0000 - 0x00007ffde52fb000 	C:\Program Files\JetBrains\IntelliJ IDEA 2025.1.1.1\jbr\bin\VCRUNTIME140.dll
0x00007ffdd5580000 - 0x00007ffdd5598000 	C:\Program Files\JetBrains\IntelliJ IDEA 2025.1.1.1\jbr\bin\jli.dll
0x00007ffdef6c0000 - 0x00007ffdef88c000 	C:\WINDOWS\System32\USER32.dll
0x00007ffdef690000 - 0x00007ffdef6b7000 	C:\WINDOWS\System32\win32u.dll
0x00007ffdce270000 - 0x00007ffdce507000 	C:\WINDOWS\WinSxS\amd64_microsoft.windows.common-controls_6595b64144ccf1df_6.0.26100.3624_none_3e086962e3345f24\COMCTL32.dll
0x00007ffdefcc0000 - 0x00007ffdefcea000 	C:\WINDOWS\System32\GDI32.dll
0x00007ffdf0680000 - 0x00007ffdf0729000 	C:\WINDOWS\System32\msvcrt.dll
0x00007ffdeed60000 - 0x00007ffdeee91000 	C:\WINDOWS\System32\gdi32full.dll
0x00007ffdeecb0000 - 0x00007ffdeed53000 	C:\WINDOWS\System32\msvcp_win.dll
0x00007ffdefc80000 - 0x00007ffdefcaf000 	C:\WINDOWS\System32\IMM32.DLL
0x00007ffde6a20000 - 0x00007ffde6a2c000 	C:\Program Files\JetBrains\IntelliJ IDEA 2025.1.1.1\jbr\bin\vcruntime140_1.dll
0x00007ffdbb530000 - 0x00007ffdbb5bd000 	C:\Program Files\JetBrains\IntelliJ IDEA 2025.1.1.1\jbr\bin\msvcp140.dll
0x00007ffd693f0000 - 0x00007ffd6a1b1000 	C:\Program Files\JetBrains\IntelliJ IDEA 2025.1.1.1\jbr\bin\server\jvm.dll
0x00007ffdf17c0000 - 0x00007ffdf1872000 	C:\WINDOWS\System32\ADVAPI32.dll
0x00007ffdf1250000 - 0x00007ffdf12f6000 	C:\WINDOWS\System32\sechost.dll
0x00007ffdf0f50000 - 0x00007ffdf1066000 	C:\WINDOWS\System32\RPCRT4.dll
0x00007ffdf1610000 - 0x00007ffdf1684000 	C:\WINDOWS\System32\WS2_32.dll
0x00007ffde4740000 - 0x00007ffde474b000 	C:\WINDOWS\SYSTEM32\VERSION.dll
0x00007ffde2780000 - 0x00007ffde27b6000 	C:\WINDOWS\SYSTEM32\WINMM.dll
0x00007ffded710000 - 0x00007ffded76e000 	C:\WINDOWS\SYSTEM32\POWRPROF.dll
0x00007ffded6f0000 - 0x00007ffded704000 	C:\WINDOWS\SYSTEM32\UMPDC.dll
0x00007ffded9d0000 - 0x00007ffded9ea000 	C:\WINDOWS\SYSTEM32\kernel.appcore.dll
0x00007ffde6a10000 - 0x00007ffde6a1a000 	C:\Program Files\JetBrains\IntelliJ IDEA 2025.1.1.1\jbr\bin\jimage.dll
0x00007ffdebc20000 - 0x00007ffdebe61000 	C:\WINDOWS\SYSTEM32\DBGHELP.DLL
0x00007ffdf0bc0000 - 0x00007ffdf0f42000 	C:\WINDOWS\System32\combase.dll
0x00007ffdefa00000 - 0x00007ffdefad6000 	C:\WINDOWS\System32\OLEAUT32.dll
0x00007ffdb1e00000 - 0x00007ffdb1e39000 	C:\WINDOWS\SYSTEM32\dbgcore.DLL
0x00007ffdeec10000 - 0x00007ffdeeca9000 	C:\WINDOWS\System32\bcryptPrimitives.dll
0x00007ffddd7c0000 - 0x00007ffddd7e0000 	C:\Program Files\JetBrains\IntelliJ IDEA 2025.1.1.1\jbr\bin\java.dll

dbghelp: loaded successfully - version: 4.0.5 - missing functions: none
symbol engine: initialized successfully - sym options: 0x614 - pdb path: .;C:\Program Files\JetBrains\IntelliJ IDEA 2025.1.1.1\jbr\bin;C:\WINDOWS\SYSTEM32;C:\WINDOWS\WinSxS\amd64_microsoft.windows.common-controls_6595b64144ccf1df_6.0.26100.3624_none_3e086962e3345f24;C:\Program Files\JetBrains\IntelliJ IDEA 2025.1.1.1\jbr\bin\server

VM Arguments:
jvm_args: -Djava.rmi.server.hostname=127.0.0.1 -Duser.timezone=UTC -Djava.library.path=C:\Users\FPT\AppData\Roaming\JetBrains\IntelliJIdea2025.1\jdbc-drivers\SQL Server\12.8.1\com\microsoft\sqlserver\mssql-jdbc_auth\12.8.1.x86;C:\Users\FPT\AppData\Roaming\JetBrains\IntelliJIdea2025.1\jdbc-drivers\SQL Server\12.8.1\com\microsoft\sqlserver\mssql-jdbc_auth\12.8.1.x64 -Xmx2048m -Xms128m -Djdbc.classpath=C:\Users\FPT\AppData\Local\Temp\RemoteDriver.classpath.txt --add-exports=java.desktop/sun.awt=ALL-UNNAMED --add-exports=java.desktop/java.awt.peer=ALL-UNNAMED --add-opens=java.desktop/java.awt=ALL-UNNAMED --add-opens=jdk.unsupported/sun.misc=ALL-UNNAMED --add-opens=java.base/java.nio=ALL-UNNAMED --add-opens=java.base/java.util=ALL-UNNAMED -Dfile.encoding=UTF-8 -Dsun.stdout.encoding=UTF-8 -Dsun.stderr.encoding=UTF-8 
java_command: com.intellij.database.remote.RemoteJdbcServer com.microsoft.sqlserver.jdbc.SQLServerDriver
java_class_path (initial): C:\Program Files\JetBrains\IntelliJ IDEA 2025.1.1.1\lib\util_rt.jar;C:\Program Files\JetBrains\IntelliJ IDEA 2025.1.1.1\lib\util-8.jar;C:\Program Files\JetBrains\IntelliJ IDEA 2025.1.1.1\lib\groovy.jar;C:\Program Files\JetBrains\IntelliJ IDEA 2025.1.1.1\plugins\DatabaseTools\lib\jdbc-console.jar;C:\Program Files\JetBrains\IntelliJ IDEA 2025.1.1.1\lib\modules\intellij.grid.types.jar;C:\Program Files\JetBrains\IntelliJ IDEA 2025.1.1.1\lib\util.jar;C:\Program Files\JetBrains\IntelliJ IDEA 2025.1.1.1\lib\bouncy-castle.jar
Launcher Type: SUN_STANDARD

[Global flags]
     intx CICompilerCount                          = 12                                        {product} {ergonomic}
     uint ConcGCThreads                            = 3                                         {product} {ergonomic}
     uint G1ConcRefinementThreads                  = 13                                        {product} {ergonomic}
   size_t G1HeapRegionSize                         = 1048576                                   {product} {ergonomic}
    uintx GCDrainStackTargetSize                   = 64                                        {product} {ergonomic}
   size_t InitialHeapSize                          = 134217728                                 {product} {command line}
   size_t MarkStackSize                            = 4194304                                   {product} {ergonomic}
   size_t MaxHeapSize                              = 2147483648                                {product} {command line}
   size_t MinHeapDeltaBytes                        = 1048576                                   {product} {ergonomic}
   size_t MinHeapSize                              = 134217728                                 {product} {command line}
    uintx NonNMethodCodeHeapSize                   = 7602480                                {pd product} {ergonomic}
    uintx NonProfiledCodeHeapSize                  = 122027880                              {pd product} {ergonomic}
    uintx ProfiledCodeHeapSize                     = 122027880                              {pd product} {ergonomic}
    uintx ReservedCodeCacheSize                    = 251658240                              {pd product} {ergonomic}
     bool SegmentedCodeCache                       = true                                      {product} {ergonomic}
   size_t SoftMaxHeapSize                          = 2147483648                             {manageable} {ergonomic}
     bool UseCompressedOops                        = true                           {product lp64_product} {ergonomic}
     bool UseG1GC                                  = true                                      {product} {ergonomic}
     bool UseLargePagesIndividualAllocation        = false                                  {pd product} {ergonomic}

Logging:
Log output configuration:
 #0: stdout all=warning uptime,level,tags foldmultilines=false
 #1: stderr all=off uptime,level,tags foldmultilines=false

Environment Variables:
PATH=C:\WINDOWS\system32;C:\WINDOWS;C:\WINDOWS\System32\Wbem;C:\WINDOWS\System32\WindowsPowerShell\v1.0\;C:\WINDOWS\System32\OpenSSH\;E:\Git\cmd;C:\MinGW\bin;C:\Program Files (x86)\Microsoft SQL Server\160\Tools\Binn\;C:\Program Files\Microsoft SQL Server\160\Tools\Binn\;C:\Program Files\Microsoft SQL Server\Client SDK\ODBC\170\Tools\Binn\;C:\Program Files\Microsoft SQL Server\160\DTS\Binn\;C:\Program Files (x86)\Microsoft SQL Server\160\DTS\Binn\;C:\Program Files (x86)\Windows Kits\10\Windows Performance Toolkit\;C:\Program Files\nodejs\;C:\Users\FPT\AppData\Local\Microsoft\WindowsApps;C:\vcpkg;C:\Program Files\gnuplot\bin;C:\msys64\mingw64\bin;C:\Users\FPT\AppData\Local\Programs\Microsoft VS Code\bin;C:\Users\FPT\AppData\Roaming\npm;C:\Users\FPT\vcpkg;C:\Users\FPT\vcpkg\installed\x64-windows\lib;;C:\Users\FPT\AppData\Roaming\JetBrains\IntelliJIdea2025.1\jdbc-drivers\SQL Server\12.8.1\com\microsoft\sqlserver\mssql-jdbc_auth\12.8.1.x86;C:\Users\FPT\AppData\Roaming\JetBrains\IntelliJIdea2025.1\jdbc-drivers\SQL Server\12.8.1\com\microsoft\sqlserver\mssql-jdbc_auth\12.8.1.x64
USERNAME=FPT
OS=Windows_NT
PROCESSOR_IDENTIFIER=Intel64 Family 6 Model 141 Stepping 1, GenuineIntel
TMP=C:\Users\FPT\AppData\Local\Temp
TEMP=C:\Users\FPT\AppData\Local\Temp




Periodic native trim disabled

JNI global refs:
JNI global refs: 0, weak refs: 0

JNI global refs memory usage: 0, weak refs: 0

Process memory usage:
Resident Set Size: 13116K (0% of 16497444K total physical memory with 4088116K free physical memory)

OOME stack traces (most recent first):
Classloader memory used:

---------------  S Y S T E M  ---------------

OS:
 Windows 11 , 64 bit Build 26100 (10.0.26100.3775)
OS uptime: 6 days 1:00 hours
Hyper-V role detected

CPU: total 16 (initial active 16) (8 cores per cpu, 2 threads per core) family 6 model 141 stepping 1 microcode 0x56, cx8, cmov, fxsr, ht, mmx, 3dnowpref, sse, sse2, sse3, ssse3, sse4.1, sse4.2, popcnt, lzcnt, tsc, tscinvbit, avx, avx2, aes, erms, clmul, bmi1, bmi2, adx, avx512f, avx512dq, avx512cd, avx512bw, avx512vl, sha, fma, vzeroupper, avx512_vpopcntdq, avx512_vpclmulqdq, avx512_vaes, avx512_vnni, clflush, clflushopt, clwb, avx512_vbmi2, avx512_vbmi, hv, rdtscp, rdpid, fsrm, gfni, avx512_bitalg, f16c, cet_ibt, cet_ss, avx512_ifma
Processor Information for the first 16 processors :
  Max Mhz: 2304, Current Mhz: 2304, Mhz Limit: 2304

Memory: 4k page, system-wide physical 16110M (3992M free)
TotalPageFile size 16110M (AvailPageFile size 129M)
current process WorkingSet (physical memory assigned to process): 12M, peak: 12M
current process commit charge ("private bytes"): 71M, peak: 199M

vm_info: OpenJDK 64-Bit Server VM (21.0.6+9-b895.109) for windows-amd64 JRE (21.0.6+9-b895.109), built on 2025-03-26 by "builduser" with MS VC++ 16.10 / 16.11 (VS2019)

END.
